{"meta": {"format": 3, "version": "7.11.1", "timestamp": "2026-04-04T08:29:18.184544", "branch_coverage": false, "show_contexts": false}, "files": {"src/akshare_one/__init__.py": {"executed_lines": [1, 17, 19, 21, 24, 45, 46, 48, 50, 51, 52, 53, 54, 55, 57, 58, 59, 60, 61, 63, 64, 65, 66, 68, 69, 71, 72, 73, 74, 76, 79, 81, 83, 84, 85, 86, 98, 99, 100, 101, 102, 103, 104, 105, 106, 107, 108, 109, 110, 111, 112, 113, 114, 115, 116, 122, 128, 134, 141, 147, 154, 164, 169, 174, 179, 184, 190, 196, 356, 380, 385, 416, 424, 429, 455, 460, 481, 486, 506, 526, 546, 566, 581, 589, 637, 673, 700, 727, 732, 775, 792, 832, 849, 850, 852, 855, 856, 857, 858, 859, 863, 864, 865, 868, 903, 912, 913, 916, 945, 962, 963, 965, 968, 969, 970, 971, 972, 976, 977, 978, 981, 1017, 1036, 1037, 1039, 1042, 1043, 1044, 1045, 1046, 1050, 1052, 1058, 1059, 1062, 1089, 1103, 1117, 1132, 1146, 1160, 1174, 1187, 1202, 1214, 1227], "summary": {"covered_lines": 145, "num_statements": 261, "percent_covered": 55.55555555555556, "percent_covered_display": "56", "missing_lines": 116, "excluded_lines": 0}, "missing_lines": [381, 382, 425, 426, 456, 457, 482, 483, 501, 502, 503, 521, 522, 523, 541, 542, 543, 561, 562, 563, 582, 583, 624, 632, 633, 634, 665, 666, 667, 668, 669, 670, 690, 692, 693, 694, 728, 729, 761, 762, 763, 764, 766, 767, 768, 769, 770, 771, 772, 788, 789, 820, 821, 826, 853, 860, 861, 940, 941, 942, 966, 973, 974, 998, 999, 1001, 1002, 1004, 1005, 1006, 1007, 1008, 1009, 1010, 1012, 1013, 1014, 1040, 1047, 1048, 1083, 1084, 1085, 1098, 1099, 1100, 1112, 1113, 1114, 1126, 1127, 1128, 1141, 1142, 1143, 1155, 1156, 1157, 1168, 1169, 1170, 1182, 1183, 1184, 1196, 1197, 1198, 1209, 1210, 1211, 1221, 1222, 1223, 1236, 1237, 1238], "excluded_lines": [], "functions": {"apply_data_filter": {"executed_lines": [45, 46, 48, 50, 51, 52, 53, 54, 55, 57, 58, 59, 60, 61, 63, 64, 65, 66, 68, 69, 71, 72, 73, 74, 76], "summary": {"covered_lines": 25, "num_statements": 25, "percent_covered": 100.0, "percent_covered_display": "100", "missing_lines": 0, "excluded_lines": 0}, "missing_lines": [], "excluded_lines": []}, "get_basic_info": {"executed_lines": [380], "summary": {"covered_lines": 1, "num_statements": 3, "percent_covered": 33.333333333333336, "percent_covered_display": "33", "missing_lines": 2, "excluded_lines": 0}, "missing_lines": [381, 382], "excluded_lines": []}, "get_hist_data": {"executed_lines": [416, 424], "summary": {"covered_lines": 2, "num_statements": 4, "percent_covered": 50.0, "percent_covered_display": "50", "missing_lines": 2, "excluded_lines": 0}, "missing_lines": [425, 426], "excluded_lines": []}, "get_realtime_data": {"executed_lines": [455], "summary": {"covered_lines": 1, "num_statements": 3, "percent_covered": 33.333333333333336, "percent_covered_display": "33", "missing_lines": 2, "excluded_lines": 0}, "missing_lines": [456, 457], "excluded_lines": []}, "get_news_data": {"executed_lines": [481], "summary": {"covered_lines": 1, "num_statements": 3, "percent_covered": 33.333333333333336, "percent_covered_display": "33", "missing_lines": 2, "excluded_lines": 0}, "missing_lines": [482, 483], "excluded_lines": []}, "get_balance_sheet": {"executed_lines": [], "summary": {"covered_lines": 0, "num_statements": 3, "percent_covered": 0.0, "percent_covered_display": "0", "missing_lines": 3, "excluded_lines": 0}, "missing_lines": [501, 502, 503], "excluded_lines": []}, "get_income_statement": {"executed_lines": [], "summary": {"covered_lines": 0, "num_statements": 3, "percent_covered": 0.0, "percent_covered_display": "0", "missing_lines": 3, "excluded_lines": 0}, "missing_lines": [521, 522, 523], "excluded_lines": []}, "get_cash_flow": {"executed_lines": [], "summary": {"covered_lines": 0, "num_statements": 3, "percent_covered": 0.0, "percent_covered_display": "0", "missing_lines": 3, "excluded_lines": 0}, "missing_lines": [541, 542, 543], "excluded_lines": []}, "get_financial_metrics": {"executed_lines": [], "summary": {"covered_lines": 0, "num_statements": 3, "percent_covered": 0.0, "percent_covered_display": "0", "missing_lines": 3, "excluded_lines": 0}, "missing_lines": [561, 562, 563], "excluded_lines": []}, "get_inner_trade_data": {"executed_lines": [581], "summary": {"covered_lines": 1, "num_statements": 3, "percent_covered": 33.333333333333336, "percent_covered_display": "33", "missing_lines": 2, "excluded_lines": 0}, "missing_lines": [582, 583], "excluded_lines": []}, "get_futures_hist_data": {"executed_lines": [], "summary": {"covered_lines": 0, "num_statements": 4, "percent_covered": 0.0, "percent_covered_display": "0", "missing_lines": 4, "excluded_lines": 0}, "missing_lines": [624, 632, 633, 634], "excluded_lines": []}, "get_futures_realtime_data": {"executed_lines": [], "summary": {"covered_lines": 0, "num_statements": 6, "percent_covered": 0.0, "percent_covered_display": "0", "missing_lines": 6, "excluded_lines": 0}, "missing_lines": [665, 666, 667, 668, 669, 670], "excluded_lines": []}, "get_futures_main_contracts": {"executed_lines": [], "summary": {"covered_lines": 0, "num_statements": 4, "percent_covered": 0.0, "percent_covered_display": "0", "missing_lines": 4, "excluded_lines": 0}, "missing_lines": [690, 692, 693, 694], "excluded_lines": []}, "get_options_chain": {"executed_lines": [727], "summary": {"covered_lines": 1, "num_statements": 3, "percent_covered": 33.333333333333336, "percent_covered_display": "33", "missing_lines": 2, "excluded_lines": 0}, "missing_lines": [728, 729], "excluded_lines": []}, "get_options_realtime": {"executed_lines": [], "summary": {"covered_lines": 0, "num_statements": 11, "percent_covered": 0.0, "percent_covered_display": "0", "missing_lines": 11, "excluded_lines": 0}, "missing_lines": [761, 762, 763, 764, 766, 767, 768, 769, 770, 771, 772], "excluded_lines": []}, "get_options_expirations": {"executed_lines": [], "summary": {"covered_lines": 0, "num_statements": 2, "percent_covered": 0.0, "percent_covered_display": "0", "missing_lines": 2, "excluded_lines": 0}, "missing_lines": [788, 789], "excluded_lines": []}, "get_options_hist": {"executed_lines": [], "summary": {"covered_lines": 0, "num_statements": 3, "percent_covered": 0.0, "percent_covered_display": "0", "missing_lines": 3, "excluded_lines": 0}, "missing_lines": [820, 821, 826], "excluded_lines": []}, "get_basic_info_multi_source": {"executed_lines": [849, 850, 852, 855, 856, 857, 858, 859, 863, 864, 865], "summary": {"covered_lines": 11, "num_statements": 14, "percent_covered": 78.57142857142857, "percent_covered_display": "79", "missing_lines": 3, "excluded_lines": 0}, "missing_lines": [853, 860, 861], "excluded_lines": []}, "get_hist_data_multi_source": {"executed_lines": [903, 912, 913], "summary": {"covered_lines": 3, "num_statements": 3, "percent_covered": 100.0, "percent_covered_display": "100", "missing_lines": 0, "excluded_lines": 0}, "missing_lines": [], "excluded_lines": []}, "get_realtime_data_multi_source": {"executed_lines": [], "summary": {"covered_lines": 0, "num_statements": 3, "percent_covered": 0.0, "percent_covered_display": "0", "missing_lines": 3, "excluded_lines": 0}, "missing_lines": [940, 941, 942], "excluded_lines": []}, "get_news_data_multi_source": {"executed_lines": [962, 963, 965, 968, 969, 970, 971, 972, 976, 977, 978], "summary": {"covered_lines": 11, "num_statements": 14, "percent_covered": 78.57142857142857, "percent_covered_display": "79", "missing_lines": 3, "excluded_lines": 0}, "missing_lines": [966, 973, 974], "excluded_lines": []}, "get_inner_trade_data_multi_source": {"executed_lines": [], "summary": {"covered_lines": 0, "num_statements": 14, "percent_covered": 0.0, "percent_covered_display": "0", "missing_lines": 14, "excluded_lines": 0}, "missing_lines": [998, 999, 1001, 1002, 1004, 1005, 1006, 1007, 1008, 1009, 1010, 1012, 1013, 1014], "excluded_lines": []}, "get_financial_data_multi_source": {"executed_lines": [1036, 1037, 1039, 1042, 1043, 1044, 1045, 1046, 1050, 1052, 1058, 1059], "summary": {"covered_lines": 12, "num_statements": 15, "percent_covered": 80.0, "percent_covered_display": "80", "missing_lines": 3, "excluded_lines": 0}, "missing_lines": [1040, 1047, 1048], "excluded_lines": []}, "get_financial_metrics_multi_source": {"executed_lines": [], "summary": {"covered_lines": 0, "num_statements": 3, "percent_covered": 0.0, "percent_covered_display": "0", "missing_lines": 3, "excluded_lines": 0}, "missing_lines": [1083, 1084, 1085], "excluded_lines": []}, "get_northbound_flow_multi_source": {"executed_lines": [], "summary": {"covered_lines": 0, "num_statements": 3, "percent_covered": 0.0, "percent_covered_display": "0", "missing_lines": 3, "excluded_lines": 0}, "missing_lines": [1098, 1099, 1100], "excluded_lines": []}, "get_northbound_holdings_multi_source": {"executed_lines": [], "summary": {"covered_lines": 0, "num_statements": 3, "percent_covered": 0.0, "percent_covered_display": "0", "missing_lines": 3, "excluded_lines": 0}, "missing_lines": [1112, 1113, 1114], "excluded_lines": []}, "get_northbound_top_stocks_multi_source": {"executed_lines": [], "summary": {"covered_lines": 0, "num_statements": 3, "percent_covered": 0.0, "percent_covered_display": "0", "missing_lines": 3, "excluded_lines": 0}, "missing_lines": [1126, 1127, 1128], "excluded_lines": []}, "get_stock_fund_flow_multi_source": {"executed_lines": [], "summary": {"covered_lines": 0, "num_statements": 3, "percent_covered": 0.0, "percent_covered_display": "0", "missing_lines": 3, "excluded_lines": 0}, "missing_lines": [1141, 1142, 1143], "excluded_lines": []}, "get_sector_fund_flow_multi_source": {"executed_lines": [], "summary": {"covered_lines": 0, "num_statements": 3, "percent_covered": 0.0, "percent_covered_display": "0", "missing_lines": 3, "excluded_lines": 0}, "missing_lines": [1155, 1156, 1157], "excluded_lines": []}, "get_main_fund_flow_rank_multi_source": {"executed_lines": [], "summary": {"covered_lines": 0, "num_statements": 3, "percent_covered": 0.0, "percent_covered_display": "0", "missing_lines": 3, "excluded_lines": 0}, "missing_lines": [1168, 1169, 1170], "excluded_lines": []}, "get_dragon_tiger_list_multi_source": {"executed_lines": [], "summary": {"covered_lines": 0, "num_statements": 3, "percent_covered": 0.0, "percent_covered_display": "0", "missing_lines": 3, "excluded_lines": 0}, "missing_lines": [1182, 1183, 1184], "excluded_lines": []}, "get_dragon_tiger_summary_multi_source": {"executed_lines": [], "summary": {"covered_lines": 0, "num_statements": 3, "percent_covered": 0.0, "percent_covered_display": "0", "missing_lines": 3, "excluded_lines": 0}, "missing_lines": [1196, 1197, 1198], "excluded_lines": []}, "get_limit_up_pool_multi_source": {"executed_lines": [], "summary": {"covered_lines": 0, "num_statements": 3, "percent_covered": 0.0, "percent_covered_display": "0", "missing_lines": 3, "excluded_lines": 0}, "missing_lines": [1209, 1210, 1211], "excluded_lines": []}, "get_limit_down_pool_multi_source": {"executed_lines": [], "summary": {"covered_lines": 0, "num_statements": 3, "percent_covered": 0.0, "percent_covered_display": "0", "missing_lines": 3, "excluded_lines": 0}, "missing_lines": [1221, 1222, 1223], "excluded_lines": []}, "get_block_deal_multi_source": {"executed_lines": [], "summary": {"covered_lines": 0, "num_statements": 3, "percent_covered": 0.0, "percent_covered_display": "0", "missing_lines": 3, "excluded_lines": 0}, "missing_lines": [1236, 1237, 1238], "excluded_lines": []}, "": {"executed_lines": [1, 17, 19, 21, 24, 79, 81, 83, 84, 85, 86, 98, 99, 100, 101, 102, 103, 104, 105, 106, 107, 108, 109, 110, 111, 112, 113, 114, 115, 116, 122, 128, 134, 141, 147, 154, 164, 169, 174, 179, 184, 190, 196, 356, 385, 429, 460, 486, 506, 526, 546, 566, 589, 637, 673, 700, 732, 775, 792, 832, 868, 916, 945, 981, 1017, 1062, 1089, 1103, 1117, 1132, 1146, 1160, 1174, 1187, 1202, 1214, 1227], "summary": {"covered_lines": 76, "num_statements": 76, "percent_covered": 100.0, "percent_covered_display": "100", "missing_lines": 0, "excluded_lines": 0}, "missing_lines": [], "excluded_lines": []}}, "classes": {"": {"executed_lines": [1, 17, 19, 21, 24, 45, 46, 48, 50, 51, 52, 53, 54, 55, 57, 58, 59, 60, 61, 63, 64, 65, 66, 68, 69, 71, 72, 73, 74, 76, 79, 81, 83, 84, 85, 86, 98, 99, 100, 101, 102, 103, 104, 105, 106, 107, 108, 109, 110, 111, 112, 113, 114, 115, 116, 122, 128, 134, 141, 147, 154, 164, 169, 174, 179, 184, 190, 196, 356, 380, 385, 416, 424, 429, 455, 460, 481, 486, 506, 526, 546, 566, 581, 589, 637, 673, 700, 727, 732, 775, 792, 832, 849, 850, 852, 855, 856, 857, 858, 859, 863, 864, 865, 868, 903, 912, 913, 916, 945, 962, 963, 965, 968, 969, 970, 971, 972, 976, 977, 978, 981, 1017, 1036, 1037, 1039, 1042, 1043, 1044, 1045, 1046, 1050, 1052, 1058, 1059, 1062, 1089, 1103, 1117, 1132, 1146, 1160, 1174, 1187, 1202, 1214, 1227], "summary": {"covered_lines": 145, "num_statements": 261, "percent_covered": 55.55555555555556, "percent_covered_display": "56", "missing_lines": 116, "excluded_lines": 0}, "missing_lines": [381, 382, 425, 426, 456, 457, 482, 483, 501, 502, 503, 521, 522, 523, 541, 542, 543, 561, 562, 563, 582, 583, 624, 632, 633, 634, 665, 666, 667, 668, 669, 670, 690, 692, 693, 694, 728, 729, 761, 762, 763, 764, 766, 767, 768, 769, 770, 771, 772, 788, 789, 820, 821, 826, 853, 860, 861, 940, 941, 942, 966, 973, 974, 998, 999, 1001, 1002, 1004, 1005, 1006, 1007, 1008, 1009, 1010, 1012, 1013, 1014, 1040, 1047, 1048, 1083, 1084, 1085, 1098, 1099, 1100, 1112, 1113, 1114, 1126, 1127, 1128, 1141, 1142, 1143, 1155, 1156, 1157, 1168, 1169, 1170, 1182, 1183, 1184, 1196, 1197, 1198, 1209, 1210, 1211, 1221, 1222, 1223, 1236, 1237, 1238], "excluded_lines": []}}}, "src/akshare_one/akshare_compat.py": {"executed_lines": [1, 14, 15, 17, 19, 22, 23, 40, 84, 87, 89, 93, 104, 108, 139, 173, 196, 287, 308, 337, 364, 389, 392, 399, 404, 417, 421, 437, 456], "summary": {"covered_lines": 27, "num_statements": 115, "percent_covered": 23.47826086956522, "percent_covered_display": "23", "missing_lines": 88, "excluded_lines": 6}, "missing_lines": [91, 95, 96, 98, 99, 106, 119, 120, 122, 123, 125, 126, 128, 129, 133, 153, 154, 157, 158, 159, 160, 164, 167, 171, 183, 185, 186, 188, 189, 191, 192, 193, 194, 235, 237, 238, 239, 242, 245, 246, 247, 249, 251, 254, 256, 257, 263, 264, 265, 268, 271, 272, 276, 279, 284, 285, 302, 303, 304, 305, 306, 322, 323, 324, 326, 327, 329, 347, 349, 351, 353, 354, 357, 358, 359, 360, 362, 374, 376, 377, 378, 385, 400, 401, 418, 431, 432, 466], "excluded_lines": [100, 101, 102, 135, 136, 137], "functions": {"AkShareAdapter.__init__": {"executed_lines": [], "summary": {"covered_lines": 0, "num_statements": 1, "percent_covered": 0.0, "percent_covered_display": "0", "missing_lines": 1, "excluded_lines": 0}, "missing_lines": [91], "excluded_lines": []}, "AkShareAdapter._detect_version": {"executed_lines": [], "summary": {"covered_lines": 0, "num_statements": 4, "percent_covered": 0.0, "percent_covered_display": "0", "missing_lines": 4, "excluded_lines": 3}, "missing_lines": [95, 96, 98, 99], "excluded_lines": [100, 101, 102]}, "AkShareAdapter.get_version": {"executed_lines": [], "summary": {"covered_lines": 0, "num_statements": 1, "percent_covered": 0.0, "percent_covered_display": "0", "missing_lines": 1, "excluded_lines": 0}, "missing_lines": [106], "excluded_lines": []}, "AkShareAdapter.function_exists": {"executed_lines": [], "summary": {"covered_lines": 0, "num_statements": 9, "percent_covered": 0.0, "percent_covered_display": "0", "missing_lines": 9, "excluded_lines": 3}, "missing_lines": [119, 120, 122, 123, 125, 126, 128, 129, 133], "excluded_lines": [135, 136, 137]}, "AkShareAdapter.resolve_function_name": {"executed_lines": [], "summary": {"covered_lines": 0, "num_statements": 9, "percent_covered": 0.0, "percent_covered_display": "0", "missing_lines": 9, "excluded_lines": 0}, "missing_lines": [153, 154, 157, 158, 159, 160, 164, 167, 171], "excluded_lines": []}, "AkShareAdapter.get_function": {"executed_lines": [], "summary": {"covered_lines": 0, "num_statements": 9, "percent_covered": 0.0, "percent_covered_display": "0", "missing_lines": 9, "excluded_lines": 0}, "missing_lines": [183, 185, 186, 188, 189, 191, 192, 193, 194], "excluded_lines": []}, "AkShareAdapter.call": {"executed_lines": [], "summary": {"covered_lines": 0, "num_statements": 23, "percent_covered": 0.0, "percent_covered_display": "0", "missing_lines": 23, "excluded_lines": 0}, "missing_lines": [235, 237, 238, 239, 242, 245, 246, 247, 249, 251, 254, 256, 257, 263, 264, 265, 268, 271, 272, 276, 279, 284, 285], "excluded_lines": []}, "AkShareAdapter.call_safe": {"executed_lines": [], "summary": {"covered_lines": 0, "num_statements": 5, "percent_covered": 0.0, "percent_covered_display": "0", "missing_lines": 5, "excluded_lines": 0}, "missing_lines": [302, 303, 304, 305, 306], "excluded_lines": []}, "AkShareAdapter.get_function_info": {"executed_lines": [], "summary": {"covered_lines": 0, "num_statements": 6, "percent_covered": 0.0, "percent_covered_display": "0", "missing_lines": 6, "excluded_lines": 0}, "missing_lines": [322, 323, 324, 326, 327, 329], "excluded_lines": []}, "AkShareAdapter.list_available_functions": {"executed_lines": [], "summary": {"covered_lines": 0, "num_statements": 10, "percent_covered": 0.0, "percent_covered_display": "0", "missing_lines": 10, "excluded_lines": 0}, "missing_lines": [347, 349, 351, 353, 354, 357, 358, 359, 360, 362], "excluded_lines": []}, "AkShareAdapter.check_function_health": {"executed_lines": [], "summary": {"covered_lines": 0, "num_statements": 5, "percent_covered": 0.0, "percent_covered_display": "0", "missing_lines": 5, "excluded_lines": 0}, "missing_lines": [374, 376, 377, 378, 385], "excluded_lines": []}, "get_adapter": {"executed_lines": [399], "summary": {"covered_lines": 1, "num_statements": 3, "percent_covered": 33.333333333333336, "percent_covered_display": "33", "missing_lines": 2, "excluded_lines": 0}, "missing_lines": [400, 401], "excluded_lines": []}, "call_akshare": {"executed_lines": [417], "summary": {"covered_lines": 1, "num_statements": 2, "percent_covered": 50.0, "percent_covered_display": "50", "missing_lines": 1, "excluded_lines": 0}, "missing_lines": [418], "excluded_lines": []}, "check_akshare_function": {"executed_lines": [], "summary": {"covered_lines": 0, "num_statements": 2, "percent_covered": 0.0, "percent_covered_display": "0", "missing_lines": 2, "excluded_lines": 0}, "missing_lines": [431, 432], "excluded_lines": []}, "get_version_compatibility_info": {"executed_lines": [], "summary": {"covered_lines": 0, "num_statements": 1, "percent_covered": 0.0, "percent_covered_display": "0", "missing_lines": 1, "excluded_lines": 0}, "missing_lines": [466], "excluded_lines": []}, "": {"executed_lines": [1, 14, 15, 17, 19, 22, 23, 40, 84, 87, 89, 93, 104, 108, 139, 173, 196, 287, 308, 337, 364, 389, 392, 404, 421, 437, 456], "summary": {"covered_lines": 25, "num_statements": 25, "percent_covered": 100.0, "percent_covered_display": "100", "missing_lines": 0, "excluded_lines": 0}, "missing_lines": [], "excluded_lines": []}}, "classes": {"AkShareAdapter": {"executed_lines": [], "summary": {"covered_lines": 0, "num_statements": 82, "percent_covered": 0.0, "percent_covered_display": "0", "missing_lines": 82, "excluded_lines": 6}, "missing_lines": [91, 95, 96, 98, 99, 106, 119, 120, 122, 123, 125, 126, 128, 129, 133, 153, 154, 157, 158, 159, 160, 164, 167, 171, 183, 185, 186, 188, 189, 191, 192, 193, 194, 235, 237, 238, 239, 242, 245, 246, 247, 249, 251, 254, 256, 257, 263, 264, 265, 268, 271, 272, 276, 279, 284, 285, 302, 303, 304, 305, 306, 322, 323, 324, 326, 327, 329, 347, 349, 351, 353, 354, 357, 358, 359, 360, 362, 374, 376, 377, 378, 385], "excluded_lines": [100, 101, 102, 135, 136, 137]}, "": {"executed_lines": [1, 14, 15, 17, 19, 22, 23, 40, 84, 87, 89, 93, 104, 108, 139, 173, 196, 287, 308, 337, 364, 389, 392, 399, 404, 417, 421, 437, 456], "summary": {"covered_lines": 27, "num_statements": 33, "percent_covered": 81.81818181818181, "percent_covered_display": "82", "missing_lines": 6, "excluded_lines": 0}, "missing_lines": [400, 401, 418, 431, 432, 466], "excluded_lines": []}}}, "src/akshare_one/client.py": {"executed_lines": [1, 7, 9, 11, 12, 13, 14, 15, 16, 22, 23, 24, 27, 92, 115, 156, 184, 204, 218, 232, 246, 260, 277, 322, 354, 378, 407, 447, 464, 501, 535, 580, 606, 640, 674, 717], "summary": {"covered_lines": 35, "num_statements": 162, "percent_covered": 21.604938271604937, "percent_covered_display": "22", "missing_lines": 127, "excluded_lines": 0}, "missing_lines": [52, 54, 55, 57, 60, 62, 63, 64, 65, 66, 69, 70, 71, 74, 75, 76, 77, 80, 81, 84, 85, 86, 87, 89, 111, 112, 144, 152, 153, 180, 181, 200, 201, 214, 215, 228, 229, 242, 243, 256, 257, 270, 271, 310, 318, 319, 348, 349, 350, 351, 369, 371, 372, 403, 404, 434, 435, 436, 437, 439, 440, 441, 443, 444, 460, 461, 490, 491, 516, 518, 520, 521, 523, 524, 525, 526, 527, 528, 529, 531, 532, 568, 577, 602, 603, 621, 623, 625, 626, 628, 629, 630, 631, 632, 633, 634, 636, 637, 655, 657, 659, 660, 662, 663, 664, 665, 666, 667, 668, 670, 671, 691, 693, 695, 696, 698, 699, 700, 701, 702, 703, 704, 706, 708, 714, 736, 737], "excluded_lines": [], "functions": {"apply_data_filter": {"executed_lines": [], "summary": {"covered_lines": 0, "num_statements": 24, "percent_covered": 0.0, "percent_covered_display": "0", "missing_lines": 24, "excluded_lines": 0}, "missing_lines": [52, 54, 55, 57, 60, 62, 63, 64, 65, 66, 69, 70, 71, 74, 75, 76, 77, 80, 81, 84, 85, 86, 87, 89], "excluded_lines": []}, "get_basic_info": {"executed_lines": [], "summary": {"covered_lines": 0, "num_statements": 2, "percent_covered": 0.0, "percent_covered_display": "0", "missing_lines": 2, "excluded_lines": 0}, "missing_lines": [111, 112], "excluded_lines": []}, "get_hist_data": {"executed_lines": [], "summary": {"covered_lines": 0, "num_statements": 3, "percent_covered": 0.0, "percent_covered_display": "0", "missing_lines": 3, "excluded_lines": 0}, "missing_lines": [144, 152, 153], "excluded_lines": []}, "get_realtime_data": {"executed_lines": [], "summary": {"covered_lines": 0, "num_statements": 2, "percent_covered": 0.0, "percent_covered_display": "0", "missing_lines": 2, "excluded_lines": 0}, "missing_lines": [180, 181], "excluded_lines": []}, "get_news_data": {"executed_lines": [], "summary": {"covered_lines": 0, "num_statements": 2, "percent_covered": 0.0, "percent_covered_display": "0", "missing_lines": 2, "excluded_lines": 0}, "missing_lines": [200, 201], "excluded_lines": []}, "get_balance_sheet": {"executed_lines": [], "summary": {"covered_lines": 0, "num_statements": 2, "percent_covered": 0.0, "percent_covered_display": "0", "missing_lines": 2, "excluded_lines": 0}, "missing_lines": [214, 215], "excluded_lines": []}, "get_income_statement": {"executed_lines": [], "summary": {"covered_lines": 0, "num_statements": 2, "percent_covered": 0.0, "percent_covered_display": "0", "missing_lines": 2, "excluded_lines": 0}, "missing_lines": [228, 229], "excluded_lines": []}, "get_cash_flow": {"executed_lines": [], "summary": {"covered_lines": 0, "num_statements": 2, "percent_covered": 0.0, "percent_covered_display": "0", "missing_lines": 2, "excluded_lines": 0}, "missing_lines": [242, 243], "excluded_lines": []}, "get_financial_metrics": {"executed_lines": [], "summary": {"covered_lines": 0, "num_statements": 2, "percent_covered": 0.0, "percent_covered_display": "0", "missing_lines": 2, "excluded_lines": 0}, "missing_lines": [256, 257], "excluded_lines": []}, "get_inner_trade_data": {"executed_lines": [], "summary": {"covered_lines": 0, "num_statements": 2, "percent_covered": 0.0, "percent_covered_display": "0", "missing_lines": 2, "excluded_lines": 0}, "missing_lines": [270, 271], "excluded_lines": []}, "get_futures_hist_data": {"executed_lines": [], "summary": {"covered_lines": 0, "num_statements": 3, "percent_covered": 0.0, "percent_covered_display": "0", "missing_lines": 3, "excluded_lines": 0}, "missing_lines": [310, 318, 319], "excluded_lines": []}, "get_futures_realtime_data": {"executed_lines": [], "summary": {"covered_lines": 0, "num_statements": 4, "percent_covered": 0.0, "percent_covered_display": "0", "missing_lines": 4, "excluded_lines": 0}, "missing_lines": [348, 349, 350, 351], "excluded_lines": []}, "get_futures_main_contracts": {"executed_lines": [], "summary": {"covered_lines": 0, "num_statements": 3, "percent_covered": 0.0, "percent_covered_display": "0", "missing_lines": 3, "excluded_lines": 0}, "missing_lines": [369, 371, 372], "excluded_lines": []}, "get_options_chain": {"executed_lines": [], "summary": {"covered_lines": 0, "num_statements": 2, "percent_covered": 0.0, "percent_covered_display": "0", "missing_lines": 2, "excluded_lines": 0}, "missing_lines": [403, 404], "excluded_lines": []}, "get_options_realtime": {"executed_lines": [], "summary": {"covered_lines": 0, "num_statements": 9, "percent_covered": 0.0, "percent_covered_display": "0", "missing_lines": 9, "excluded_lines": 0}, "missing_lines": [434, 435, 436, 437, 439, 440, 441, 443, 444], "excluded_lines": []}, "get_options_expirations": {"executed_lines": [], "summary": {"covered_lines": 0, "num_statements": 2, "percent_covered": 0.0, "percent_covered_display": "0", "missing_lines": 2, "excluded_lines": 0}, "missing_lines": [460, 461], "excluded_lines": []}, "get_options_hist": {"executed_lines": [], "summary": {"covered_lines": 0, "num_statements": 2, "percent_covered": 0.0, "percent_covered_display": "0", "missing_lines": 2, "excluded_lines": 0}, "missing_lines": [490, 491], "excluded_lines": []}, "get_basic_info_multi_source": {"executed_lines": [], "summary": {"covered_lines": 0, "num_statements": 13, "percent_covered": 0.0, "percent_covered_display": "0", "missing_lines": 13, "excluded_lines": 0}, "missing_lines": [516, 518, 520, 521, 523, 524, 525, 526, 527, 528, 529, 531, 532], "excluded_lines": []}, "get_hist_data_multi_source": {"executed_lines": [], "summary": {"covered_lines": 0, "num_statements": 2, "percent_covered": 0.0, "percent_covered_display": "0", "missing_lines": 2, "excluded_lines": 0}, "missing_lines": [568, 577], "excluded_lines": []}, "get_realtime_data_multi_source": {"executed_lines": [], "summary": {"covered_lines": 0, "num_statements": 2, "percent_covered": 0.0, "percent_covered_display": "0", "missing_lines": 2, "excluded_lines": 0}, "missing_lines": [602, 603], "excluded_lines": []}, "get_news_data_multi_source": {"executed_lines": [], "summary": {"covered_lines": 0, "num_statements": 13, "percent_covered": 0.0, "percent_covered_display": "0", "missing_lines": 13, "excluded_lines": 0}, "missing_lines": [621, 623, 625, 626, 628, 629, 630, 631, 632, 633, 634, 636, 637], "excluded_lines": []}, "get_inner_trade_data_multi_source": {"executed_lines": [], "summary": {"covered_lines": 0, "num_statements": 13, "percent_covered": 0.0, "percent_covered_display": "0", "missing_lines": 13, "excluded_lines": 0}, "missing_lines": [655, 657, 659, 660, 662, 663, 664, 665, 666, 667, 668, 670, 671], "excluded_lines": []}, "get_financial_data_multi_source": {"executed_lines": [], "summary": {"covered_lines": 0, "num_statements": 14, "percent_covered": 0.0, "percent_covered_display": "0", "missing_lines": 14, "excluded_lines": 0}, "missing_lines": [691, 693, 695, 696, 698, 699, 700, 701, 702, 703, 704, 706, 708, 714], "excluded_lines": []}, "get_financial_metrics_multi_source": {"executed_lines": [], "summary": {"covered_lines": 0, "num_statements": 2, "percent_covered": 0.0, "percent_covered_display": "0", "missing_lines": 2, "excluded_lines": 0}, "missing_lines": [736, 737], "excluded_lines": []}, "": {"executed_lines": [1, 7, 9, 11, 12, 13, 14, 15, 16, 22, 23, 24, 27, 92, 115, 156, 184, 204, 218, 232, 246, 260, 277, 322, 354, 378, 407, 447, 464, 501, 535, 580, 606, 640, 674, 717], "summary": {"covered_lines": 35, "num_statements": 35, "percent_covered": 100.0, "percent_covered_display": "100", "missing_lines": 0, "excluded_lines": 0}, "missing_lines": [], "excluded_lines": []}}, "classes": {"": {"executed_lines": [1, 7, 9, 11, 12, 13, 14, 15, 16, 22, 23, 24, 27, 92, 115, 156, 184, 204, 218, 232, 246, 260, 277, 322, 354, 378, 407, 447, 464, 501, 535, 580, 606, 640, 674, 717], "summary": {"covered_lines": 35, "num_statements": 162, "percent_covered": 21.604938271604937, "percent_covered_display": "22", "missing_lines": 127, "excluded_lines": 0}, "missing_lines": [52, 54, 55, 57, 60, 62, 63, 64, 65, 66, 69, 70, 71, 74, 75, 76, 77, 80, 81, 84, 85, 86, 87, 89, 111, 112, 144, 152, 153, 180, 181, 200, 201, 214, 215, 228, 229, 242, 243, 256, 257, 270, 271, 310, 318, 319, 348, 349, 350, 351, 369, 371, 372, 403, 404, 434, 435, 436, 437, 439, 440, 441, 443, 444, 460, 461, 490, 491, 516, 518, 520, 521, 523, 524, 525, 526, 527, 528, 529, 531, 532, 568, 577, 602, 603, 621, 623, 625, 626, 628, 629, 630, 631, 632, 633, 634, 636, 637, 655, 657, 659, 660, 662, 663, 664, 665, 666, 667, 668, 670, 671, 691, 693, 695, 696, 698, 699, 700, 701, 702, 703, 704, 706, 708, 714, 736, 737], "excluded_lines": []}}}, "src/akshare_one/eastmoney/client.py": {"executed_lines": [1, 3, 6, 7, 12, 15, 46, 67], "summary": {"covered_lines": 7, "num_statements": 43, "percent_covered": 16.27906976744186, "percent_covered_display": "16", "missing_lines": 36, "excluded_lines": 0}, "missing_lines": [13, 20, 21, 22, 23, 24, 25, 26, 27, 28, 29, 30, 31, 32, 33, 34, 36, 37, 38, 39, 40, 42, 43, 44, 52, 53, 54, 63, 64, 65, 71, 72, 73, 81, 82, 83], "excluded_lines": [], "functions": {"EastMoneyClient.__init__": {"executed_lines": [], "summary": {"covered_lines": 0, "num_statements": 1, "percent_covered": 0.0, "percent_covered_display": "0", "missing_lines": 1, "excluded_lines": 0}, "missing_lines": [13], "excluded_lines": []}, "EastMoneyClient._get_security_id": {"executed_lines": [], "summary": {"covered_lines": 0, "num_statements": 23, "percent_covered": 0.0, "percent_covered_display": "0", "missing_lines": 23, "excluded_lines": 0}, "missing_lines": [20, 21, 22, 23, 24, 25, 26, 27, 28, 29, 30, 31, 32, 33, 34, 36, 37, 38, 39, 40, 42, 43, 44], "excluded_lines": []}, "EastMoneyClient.fetch_historical_klines": {"executed_lines": [], "summary": {"covered_lines": 0, "num_statements": 6, "percent_covered": 0.0, "percent_covered_display": "0", "missing_lines": 6, "excluded_lines": 0}, "missing_lines": [52, 53, 54, 63, 64, 65], "excluded_lines": []}, "EastMoneyClient.fetch_realtime_quote": {"executed_lines": [], "summary": {"covered_lines": 0, "num_statements": 6, "percent_covered": 0.0, "percent_covered_display": "0", "missing_lines": 6, "excluded_lines": 0}, "missing_lines": [71, 72, 73, 81, 82, 83], "excluded_lines": []}, "": {"executed_lines": [1, 3, 6, 7, 12, 15, 46, 67], "summary": {"covered_lines": 7, "num_statements": 7, "percent_covered": 100.0, "percent_covered_display": "100", "missing_lines": 0, "excluded_lines": 0}, "missing_lines": [], "excluded_lines": []}}, "classes": {"EastMoneyClient": {"executed_lines": [], "summary": {"covered_lines": 0, "num_statements": 36, "percent_covered": 0.0, "percent_covered_display": "0", "missing_lines": 36, "excluded_lines": 0}, "missing_lines": [13, 20, 21, 22, 23, 24, 25, 26, 27, 28, 29, 30, 31, 32, 33, 34, 36, 37, 38, 39, 40, 42, 43, 44, 52, 53, 54, 63, 64, 65, 71, 72, 73, 81, 82, 83], "excluded_lines": []}, "": {"executed_lines": [1, 3, 6, 7, 12, 15, 46, 67], "summary": {"covered_lines": 7, "num_statements": 7, "percent_covered": 100.0, "percent_covered_display": "100", "missing_lines": 0, "excluded_lines": 0}, "missing_lines": [], "excluded_lines": []}}}, "src/akshare_one/eastmoney/utils.py": {"executed_lines": [1, 3, 6, 37, 65], "summary": {"covered_lines": 5, "num_statements": 34, "percent_covered": 14.705882352941176, "percent_covered_display": "15", "missing_lines": 29, "excluded_lines": 0}, "missing_lines": [10, 11, 12, 14, 15, 16, 17, 18, 29, 30, 31, 32, 33, 34, 41, 42, 43, 45, 61, 62, 69, 70, 72, 74, 80, 82, 83, 85, 99], "excluded_lines": [], "functions": {"parse_kline_data": {"executed_lines": [], "summary": {"covered_lines": 0, "num_statements": 14, "percent_covered": 0.0, "percent_covered_display": "0", "missing_lines": 14, "excluded_lines": 0}, "missing_lines": [10, 11, 12, 14, 15, 16, 17, 18, 29, 30, 31, 32, 33, 34], "excluded_lines": []}, "parse_realtime_data": {"executed_lines": [], "summary": {"covered_lines": 0, "num_statements": 6, "percent_covered": 0.0, "percent_covered_display": "0", "missing_lines": 6, "excluded_lines": 0}, "missing_lines": [41, 42, 43, 45, 61, 62], "excluded_lines": []}, "resample_historical_data": {"executed_lines": [], "summary": {"covered_lines": 0, "num_statements": 9, "percent_covered": 0.0, "percent_covered_display": "0", "missing_lines": 9, "excluded_lines": 0}, "missing_lines": [69, 70, 72, 74, 80, 82, 83, 85, 99], "excluded_lines": []}, "": {"executed_lines": [1, 3, 6, 37, 65], "summary": {"covered_lines": 5, "num_statements": 5, "percent_covered": 100.0, "percent_covered_display": "100", "missing_lines": 0, "excluded_lines": 0}, "missing_lines": [], "excluded_lines": []}}, "classes": {"": {"executed_lines": [1, 3, 6, 37, 65], "summary": {"covered_lines": 5, "num_statements": 34, "percent_covered": 14.705882352941176, "percent_covered_display": "15", "missing_lines": 29, "excluded_lines": 0}, "missing_lines": [10, 11, 12, 14, 15, 16, 17, 18, 29, 30, 31, 32, 33, 34, 41, 42, 43, 45, 61, 62, 69, 70, 72, 74, 80, 82, 83, 85, 99], "excluded_lines": []}}}, "src/akshare_one/http_client.py": {"executed_lines": [1, 3, 4, 5, 7, 10, 11, 17, 18, 20, 28, 29, 39, 40, 44, 48, 49, 53, 57, 62, 67, 101, 102, 104], "summary": {"covered_lines": 21, "num_statements": 45, "percent_covered": 46.666666666666664, "percent_covered_display": "47", "missing_lines": 24, "excluded_lines": 0}, "missing_lines": [21, 22, 23, 24, 25, 26, 35, 36, 37, 42, 46, 51, 55, 59, 64, 81, 82, 83, 86, 87, 89, 91, 92, 98], "excluded_lines": [], "functions": {"HttpClient.__new__": {"executed_lines": [], "summary": {"covered_lines": 0, "num_statements": 6, "percent_covered": 0.0, "percent_covered_display": "0", "missing_lines": 6, "excluded_lines": 0}, "missing_lines": [21, 22, 23, 24, 25, 26], "excluded_lines": []}, "HttpClient.set_verify_ssl": {"executed_lines": [], "summary": {"covered_lines": 0, "num_statements": 3, "percent_covered": 0.0, "percent_covered_display": "0", "missing_lines": 3, "excluded_lines": 0}, "missing_lines": [35, 36, 37], "excluded_lines": []}, "HttpClient.get_verify_ssl": {"executed_lines": [], "summary": {"covered_lines": 0, "num_statements": 1, "percent_covered": 0.0, "percent_covered_display": "0", "missing_lines": 1, "excluded_lines": 0}, "missing_lines": [42], "excluded_lines": []}, "HttpClient._update_verify_setting": {"executed_lines": [], "summary": {"covered_lines": 0, "num_statements": 1, "percent_covered": 0.0, "percent_covered_display": "0", "missing_lines": 1, "excluded_lines": 0}, "missing_lines": [46], "excluded_lines": []}, "HttpClient.session": {"executed_lines": [], "summary": {"covered_lines": 0, "num_statements": 1, "percent_covered": 0.0, "percent_covered_display": "0", "missing_lines": 1, "excluded_lines": 0}, "missing_lines": [51], "excluded_lines": []}, "HttpClient.get": {"executed_lines": [], "summary": {"covered_lines": 0, "num_statements": 1, "percent_covered": 0.0, "percent_covered_display": "0", "missing_lines": 1, "excluded_lines": 0}, "missing_lines": [55], "excluded_lines": []}, "HttpClient.post": {"executed_lines": [], "summary": {"covered_lines": 0, "num_statements": 1, "percent_covered": 0.0, "percent_covered_display": "0", "missing_lines": 1, "excluded_lines": 0}, "missing_lines": [59], "excluded_lines": []}, "get_http_client": {"executed_lines": [], "summary": {"covered_lines": 0, "num_statements": 1, "percent_covered": 0.0, "percent_covered_display": "0", "missing_lines": 1, "excluded_lines": 0}, "missing_lines": [64], "excluded_lines": []}, "configure_ssl_verification": {"executed_lines": [], "summary": {"covered_lines": 0, "num_statements": 9, "percent_covered": 0.0, "percent_covered_display": "0", "missing_lines": 9, "excluded_lines": 0}, "missing_lines": [81, 82, 83, 86, 87, 89, 91, 92, 98], "excluded_lines": []}, "": {"executed_lines": [1, 3, 4, 5, 7, 10, 11, 17, 18, 20, 28, 29, 39, 40, 44, 48, 49, 53, 57, 62, 67, 101, 102, 104], "summary": {"covered_lines": 21, "num_statements": 21, "percent_covered": 100.0, "percent_covered_display": "100", "missing_lines": 0, "excluded_lines": 0}, "missing_lines": [], "excluded_lines": []}}, "classes": {"HttpClient": {"executed_lines": [], "summary": {"covered_lines": 0, "num_statements": 14, "percent_covered": 0.0, "percent_covered_display": "0", "missing_lines": 14, "excluded_lines": 0}, "missing_lines": [21, 22, 23, 24, 25, 26, 35, 36, 37, 42, 46, 51, 55, 59], "excluded_lines": []}, "SecurityWarning": {"executed_lines": [], "summary": {"covered_lines": 0, "num_statements": 0, "percent_covered": 100.0, "percent_covered_display": "100", "missing_lines": 0, "excluded_lines": 0}, "missing_lines": [], "excluded_lines": []}, "": {"executed_lines": [1, 3, 4, 5, 7, 10, 11, 17, 18, 20, 28, 29, 39, 40, 44, 48, 49, 53, 57, 62, 67, 101, 102, 104], "summary": {"covered_lines": 21, "num_statements": 31, "percent_covered": 67.74193548387096, "percent_covered_display": "68", "missing_lines": 10, "excluded_lines": 0}, "missing_lines": [64, 81, 82, 83, 86, 87, 89, 91, 92, 98], "excluded_lines": []}}}, "src/akshare_one/indicators.py": {"executed_lines": [1, 40, 42, 45, 53, 54, 57, 65, 66, 69, 77, 78, 81, 97, 98, 101, 115, 116, 119, 135, 136, 139, 147, 148, 151, 159, 160, 163, 171, 172, 175, 177, 178, 181, 183, 184, 187, 194, 195, 198, 200, 201, 204, 206, 207, 210, 217, 218, 221, 223, 224, 227, 235, 236, 239, 241, 242, 245, 247, 248, 251, 253, 254, 257, 259, 260, 263, 265, 266, 269, 271, 272, 275, 277, 278, 281, 283, 284, 287, 289, 290, 293, 295, 296, 299, 307, 308, 311, 313, 314, 317, 319, 320, 323, 325, 326, 329, 331, 332, 335, 337, 338, 341, 349, 350], "summary": {"covered_lines": 104, "num_statements": 104, "percent_covered": 100.0, "percent_covered_display": "100", "missing_lines": 0, "excluded_lines": 0}, "missing_lines": [], "excluded_lines": [], "functions": {"get_sma": {"executed_lines": [53, 54], "summary": {"covered_lines": 2, "num_statements": 2, "percent_covered": 100.0, "percent_covered_display": "100", "missing_lines": 0, "excluded_lines": 0}, "missing_lines": [], "excluded_lines": []}, "get_ema": {"executed_lines": [65, 66], "summary": {"covered_lines": 2, "num_statements": 2, "percent_covered": 100.0, "percent_covered_display": "100", "missing_lines": 0, "excluded_lines": 0}, "missing_lines": [], "excluded_lines": []}, "get_rsi": {"executed_lines": [77, 78], "summary": {"covered_lines": 2, "num_statements": 2, "percent_covered": 100.0, "percent_covered_display": "100", "missing_lines": 0, "excluded_lines": 0}, "missing_lines": [], "excluded_lines": []}, "get_macd": {"executed_lines": [97, 98], "summary": {"covered_lines": 2, "num_statements": 2, "percent_covered": 100.0, "percent_covered_display": "100", "missing_lines": 0, "excluded_lines": 0}, "missing_lines": [], "excluded_lines": []}, "get_bollinger_bands": {"executed_lines": [115, 116], "summary": {"covered_lines": 2, "num_statements": 2, "percent_covered": 100.0, "percent_covered_display": "100", "missing_lines": 0, "excluded_lines": 0}, "missing_lines": [], "excluded_lines": []}, "get_stoch": {"executed_lines": [135, 136], "summary": {"covered_lines": 2, "num_statements": 2, "percent_covered": 100.0, "percent_covered_display": "100", "missing_lines": 0, "excluded_lines": 0}, "missing_lines": [], "excluded_lines": []}, "get_atr": {"executed_lines": [147, 148], "summary": {"covered_lines": 2, "num_statements": 2, "percent_covered": 100.0, "percent_covered_display": "100", "missing_lines": 0, "excluded_lines": 0}, "missing_lines": [], "excluded_lines": []}, "get_cci": {"executed_lines": [159, 160], "summary": {"covered_lines": 2, "num_statements": 2, "percent_covered": 100.0, "percent_covered_display": "100", "missing_lines": 0, "excluded_lines": 0}, "missing_lines": [], "excluded_lines": []}, "get_adx": {"executed_lines": [171, 172], "summary": {"covered_lines": 2, "num_statements": 2, "percent_covered": 100.0, "percent_covered_display": "100", "missing_lines": 0, "excluded_lines": 0}, "missing_lines": [], "excluded_lines": []}, "get_willr": {"executed_lines": [177, 178], "summary": {"covered_lines": 2, "num_statements": 2, "percent_covered": 100.0, "percent_covered_display": "100", "missing_lines": 0, "excluded_lines": 0}, "missing_lines": [], "excluded_lines": []}, "get_ad": {"executed_lines": [183, 184], "summary": {"covered_lines": 2, "num_statements": 2, "percent_covered": 100.0, "percent_covered_display": "100", "missing_lines": 0, "excluded_lines": 0}, "missing_lines": [], "excluded_lines": []}, "get_adosc": {"executed_lines": [194, 195], "summary": {"covered_lines": 2, "num_statements": 2, "percent_covered": 100.0, "percent_covered_display": "100", "missing_lines": 0, "excluded_lines": 0}, "missing_lines": [], "excluded_lines": []}, "get_obv": {"executed_lines": [200, 201], "summary": {"covered_lines": 2, "num_statements": 2, "percent_covered": 100.0, "percent_covered_display": "100", "missing_lines": 0, "excluded_lines": 0}, "missing_lines": [], "excluded_lines": []}, "get_mom": {"executed_lines": [206, 207], "summary": {"covered_lines": 2, "num_statements": 2, "percent_covered": 100.0, "percent_covered_display": "100", "missing_lines": 0, "excluded_lines": 0}, "missing_lines": [], "excluded_lines": []}, "get_sar": {"executed_lines": [217, 218], "summary": {"covered_lines": 2, "num_statements": 2, "percent_covered": 100.0, "percent_covered_display": "100", "missing_lines": 0, "excluded_lines": 0}, "missing_lines": [], "excluded_lines": []}, "get_tsf": {"executed_lines": [223, 224], "summary": {"covered_lines": 2, "num_statements": 2, "percent_covered": 100.0, "percent_covered_display": "100", "missing_lines": 0, "excluded_lines": 0}, "missing_lines": [], "excluded_lines": []}, "get_apo": {"executed_lines": [235, 236], "summary": {"covered_lines": 2, "num_statements": 2, "percent_covered": 100.0, "percent_covered_display": "100", "missing_lines": 0, "excluded_lines": 0}, "missing_lines": [], "excluded_lines": []}, "get_aroon": {"executed_lines": [241, 242], "summary": {"covered_lines": 2, "num_statements": 2, "percent_covered": 100.0, "percent_covered_display": "100", "missing_lines": 0, "excluded_lines": 0}, "missing_lines": [], "excluded_lines": []}, "get_aroonosc": {"executed_lines": [247, 248], "summary": {"covered_lines": 2, "num_statements": 2, "percent_covered": 100.0, "percent_covered_display": "100", "missing_lines": 0, "excluded_lines": 0}, "missing_lines": [], "excluded_lines": []}, "get_bop": {"executed_lines": [253, 254], "summary": {"covered_lines": 2, "num_statements": 2, "percent_covered": 100.0, "percent_covered_display": "100", "missing_lines": 0, "excluded_lines": 0}, "missing_lines": [], "excluded_lines": []}, "get_cmo": {"executed_lines": [259, 260], "summary": {"covered_lines": 2, "num_statements": 2, "percent_covered": 100.0, "percent_covered_display": "100", "missing_lines": 0, "excluded_lines": 0}, "missing_lines": [], "excluded_lines": []}, "get_dx": {"executed_lines": [265, 266], "summary": {"covered_lines": 2, "num_statements": 2, "percent_covered": 100.0, "percent_covered_display": "100", "missing_lines": 0, "excluded_lines": 0}, "missing_lines": [], "excluded_lines": []}, "get_mfi": {"executed_lines": [271, 272], "summary": {"covered_lines": 2, "num_statements": 2, "percent_covered": 100.0, "percent_covered_display": "100", "missing_lines": 0, "excluded_lines": 0}, "missing_lines": [], "excluded_lines": []}, "get_minus_di": {"executed_lines": [277, 278], "summary": {"covered_lines": 2, "num_statements": 2, "percent_covered": 100.0, "percent_covered_display": "100", "missing_lines": 0, "excluded_lines": 0}, "missing_lines": [], "excluded_lines": []}, "get_minus_dm": {"executed_lines": [283, 284], "summary": {"covered_lines": 2, "num_statements": 2, "percent_covered": 100.0, "percent_covered_display": "100", "missing_lines": 0, "excluded_lines": 0}, "missing_lines": [], "excluded_lines": []}, "get_plus_di": {"executed_lines": [289, 290], "summary": {"covered_lines": 2, "num_statements": 2, "percent_covered": 100.0, "percent_covered_display": "100", "missing_lines": 0, "excluded_lines": 0}, "missing_lines": [], "excluded_lines": []}, "get_plus_dm": {"executed_lines": [295, 296], "summary": {"covered_lines": 2, "num_statements": 2, "percent_covered": 100.0, "percent_covered_display": "100", "missing_lines": 0, "excluded_lines": 0}, "missing_lines": [], "excluded_lines": []}, "get_ppo": {"executed_lines": [307, 308], "summary": {"covered_lines": 2, "num_statements": 2, "percent_covered": 100.0, "percent_covered_display": "100", "missing_lines": 0, "excluded_lines": 0}, "missing_lines": [], "excluded_lines": []}, "get_roc": {"executed_lines": [313, 314], "summary": {"covered_lines": 2, "num_statements": 2, "percent_covered": 100.0, "percent_covered_display": "100", "missing_lines": 0, "excluded_lines": 0}, "missing_lines": [], "excluded_lines": []}, "get_rocp": {"executed_lines": [319, 320], "summary": {"covered_lines": 2, "num_statements": 2, "percent_covered": 100.0, "percent_covered_display": "100", "missing_lines": 0, "excluded_lines": 0}, "missing_lines": [], "excluded_lines": []}, "get_rocr": {"executed_lines": [325, 326], "summary": {"covered_lines": 2, "num_statements": 2, "percent_covered": 100.0, "percent_covered_display": "100", "missing_lines": 0, "excluded_lines": 0}, "missing_lines": [], "excluded_lines": []}, "get_rocr100": {"executed_lines": [331, 332], "summary": {"covered_lines": 2, "num_statements": 2, "percent_covered": 100.0, "percent_covered_display": "100", "missing_lines": 0, "excluded_lines": 0}, "missing_lines": [], "excluded_lines": []}, "get_trix": {"executed_lines": [337, 338], "summary": {"covered_lines": 2, "num_statements": 2, "percent_covered": 100.0, "percent_covered_display": "100", "missing_lines": 0, "excluded_lines": 0}, "missing_lines": [], "excluded_lines": []}, "get_ultosc": {"executed_lines": [349, 350], "summary": {"covered_lines": 2, "num_statements": 2, "percent_covered": 100.0, "percent_covered_display": "100", "missing_lines": 0, "excluded_lines": 0}, "missing_lines": [], "excluded_lines": []}, "": {"executed_lines": [1, 40, 42, 45, 57, 69, 81, 101, 119, 139, 151, 163, 175, 181, 187, 198, 204, 210, 221, 227, 239, 245, 251, 257, 263, 269, 275, 281, 287, 293, 299, 311, 317, 323, 329, 335, 341], "summary": {"covered_lines": 36, "num_statements": 36, "percent_covered": 100.0, "percent_covered_display": "100", "missing_lines": 0, "excluded_lines": 0}, "missing_lines": [], "excluded_lines": []}}, "classes": {"": {"executed_lines": [1, 40, 42, 45, 53, 54, 57, 65, 66, 69, 77, 78, 81, 97, 98, 101, 115, 116, 119, 135, 136, 139, 147, 148, 151, 159, 160, 163, 171, 172, 175, 177, 178, 181, 183, 184, 187, 194, 195, 198, 200, 201, 204, 206, 207, 210, 217, 218, 221, 223, 224, 227, 235, 236, 239, 241, 242, 245, 247, 248, 251, 253, 254, 257, 259, 260, 263, 265, 266, 269, 271, 272, 275, 277, 278, 281, 283, 284, 287, 289, 290, 293, 295, 296, 299, 307, 308, 311, 313, 314, 317, 319, 320, 323, 325, 326, 329, 331, 332, 335, 337, 338, 341, 349, 350], "summary": {"covered_lines": 104, "num_statements": 104, "percent_covered": 100.0, "percent_covered_display": "100", "missing_lines": 0, "excluded_lines": 0}, "missing_lines": [], "excluded_lines": []}}}, "src/akshare_one/mappings/mapping_utils.py": {"executed_lines": [1, 6, 7, 8, 11, 12, 14, 15, 17, 18, 19, 21, 44, 49, 54, 59, 70, 73, 78, 83, 88, 93, 98, 103, 108, 115, 124], "summary": {"covered_lines": 24, "num_statements": 63, "percent_covered": 38.095238095238095, "percent_covered_display": "38", "missing_lines": 39, "excluded_lines": 7}, "missing_lines": [23, 24, 25, 27, 30, 31, 33, 34, 36, 37, 39, 41, 42, 46, 47, 51, 52, 56, 57, 61, 62, 63, 64, 65, 66, 75, 80, 85, 90, 95, 100, 105, 110, 111, 117, 118, 119, 120, 121], "excluded_lines": [124, 126, 128, 129, 130, 131, 132], "functions": {"MappingUtils.__init__": {"executed_lines": [15, 17, 18, 19], "summary": {"covered_lines": 4, "num_statements": 4, "percent_covered": 100.0, "percent_covered_display": "100", "missing_lines": 0, "excluded_lines": 0}, "missing_lines": [], "excluded_lines": []}, "MappingUtils.get_mapping": {"executed_lines": [], "summary": {"covered_lines": 0, "num_statements": 13, "percent_covered": 0.0, "percent_covered_display": "0", "missing_lines": 13, "excluded_lines": 0}, "missing_lines": [23, 24, 25, 27, 30, 31, 33, 34, 36, 37, 39, 41, 42], "excluded_lines": []}, "MappingUtils.get_name_by_code": {"executed_lines": [], "summary": {"covered_lines": 0, "num_statements": 2, "percent_covered": 0.0, "percent_covered_display": "0", "missing_lines": 2, "excluded_lines": 0}, "missing_lines": [46, 47], "excluded_lines": []}, "MappingUtils.get_all_codes": {"executed_lines": [], "summary": {"covered_lines": 0, "num_statements": 2, "percent_covered": 0.0, "percent_covered_display": "0", "missing_lines": 2, "excluded_lines": 0}, "missing_lines": [51, 52], "excluded_lines": []}, "MappingUtils.get_all_names": {"executed_lines": [], "summary": {"covered_lines": 0, "num_statements": 2, "percent_covered": 0.0, "percent_covered_display": "0", "missing_lines": 2, "excluded_lines": 0}, "missing_lines": [56, 57], "excluded_lines": []}, "MappingUtils.search_by_name": {"executed_lines": [], "summary": {"covered_lines": 0, "num_statements": 6, "percent_covered": 0.0, "percent_covered_display": "0", "missing_lines": 6, "excluded_lines": 0}, "missing_lines": [61, 62, 63, 64, 65, 66], "excluded_lines": []}, "get_name_by_code": {"executed_lines": [], "summary": {"covered_lines": 0, "num_statements": 1, "percent_covered": 0.0, "percent_covered_display": "0", "missing_lines": 1, "excluded_lines": 0}, "missing_lines": [75], "excluded_lines": []}, "search_by_name": {"executed_lines": [], "summary": {"covered_lines": 0, "num_statements": 1, "percent_covered": 0.0, "percent_covered_display": "0", "missing_lines": 1, "excluded_lines": 0}, "missing_lines": [80], "excluded_lines": []}, "get_all_codes": {"executed_lines": [], "summary": {"covered_lines": 0, "num_statements": 1, "percent_covered": 0.0, "percent_covered_display": "0", "missing_lines": 1, "excluded_lines": 0}, "missing_lines": [85], "excluded_lines": []}, "get_stock_name": {"executed_lines": [], "summary": {"covered_lines": 0, "num_statements": 1, "percent_covered": 0.0, "percent_covered_display": "0", "missing_lines": 1, "excluded_lines": 0}, "missing_lines": [90], "excluded_lines": []}, "get_index_name": {"executed_lines": [], "summary": {"covered_lines": 0, "num_statements": 1, "percent_covered": 0.0, "percent_covered_display": "0", "missing_lines": 1, "excluded_lines": 0}, "missing_lines": [95], "excluded_lines": []}, "get_etf_name": {"executed_lines": [], "summary": {"covered_lines": 0, "num_statements": 1, "percent_covered": 0.0, "percent_covered_display": "0", "missing_lines": 1, "excluded_lines": 0}, "missing_lines": [100], "excluded_lines": []}, "get_industry_name": {"executed_lines": [], "summary": {"covered_lines": 0, "num_statements": 1, "percent_covered": 0.0, "percent_covered_display": "0", "missing_lines": 1, "excluded_lines": 0}, "missing_lines": [105], "excluded_lines": []}, "get_option_underlying_patterns": {"executed_lines": [], "summary": {"covered_lines": 0, "num_statements": 2, "percent_covered": 0.0, "percent_covered_display": "0", "missing_lines": 2, "excluded_lines": 0}, "missing_lines": [110, 111], "excluded_lines": []}, "preload_mappings": {"executed_lines": [], "summary": {"covered_lines": 0, "num_statements": 5, "percent_covered": 0.0, "percent_covered_display": "0", "missing_lines": 5, "excluded_lines": 0}, "missing_lines": [117, 118, 119, 120, 121], "excluded_lines": []}, "": {"executed_lines": [1, 6, 7, 8, 11, 12, 14, 21, 44, 49, 54, 59, 70, 73, 78, 83, 88, 93, 98, 103, 108, 115, 124], "summary": {"covered_lines": 20, "num_statements": 20, "percent_covered": 100.0, "percent_covered_display": "100", "missing_lines": 0, "excluded_lines": 7}, "missing_lines": [], "excluded_lines": [124, 126, 128, 129, 130, 131, 132]}}, "classes": {"MappingUtils": {"executed_lines": [15, 17, 18, 19], "summary": {"covered_lines": 4, "num_statements": 29, "percent_covered": 13.793103448275861, "percent_covered_display": "14", "missing_lines": 25, "excluded_lines": 0}, "missing_lines": [23, 24, 25, 27, 30, 31, 33, 34, 36, 37, 39, 41, 42, 46, 47, 51, 52, 56, 57, 61, 62, 63, 64, 65, 66], "excluded_lines": []}, "": {"executed_lines": [1, 6, 7, 8, 11, 12, 14, 21, 44, 49, 54, 59, 70, 73, 78, 83, 88, 93, 98, 103, 108, 115, 124], "summary": {"covered_lines": 20, "num_statements": 34, "percent_covered": 58.8235294117647, "percent_covered_display": "59", "missing_lines": 14, "excluded_lines": 7}, "missing_lines": [75, 80, 85, 90, 95, 100, 105, 110, 111, 117, 118, 119, 120, 121], "excluded_lines": [124, 126, 128, 129, 130, 131, 132]}}}, "src/akshare_one/metrics/stats.py": {"executed_lines": [1, 8, 9, 10, 11, 14, 15, 16, 22, 23, 24, 25, 26, 27, 28, 30, 31, 37, 38, 44, 45, 49, 64, 65, 66, 68, 69, 71, 72, 76, 77, 83, 93, 94, 121, 123, 125, 126, 127, 128, 130, 132, 135, 136, 137, 138, 139, 142, 144, 146, 164, 165, 166, 169, 170, 171, 172, 174, 175, 177, 178, 182, 195, 204, 213, 227, 241, 258, 310, 343, 358, 361, 369, 370, 371], "summary": {"covered_lines": 71, "num_statements": 125, "percent_covered": 56.8, "percent_covered_display": "57", "missing_lines": 54, "excluded_lines": 0}, "missing_lines": [33, 34, 35, 40, 41, 42, 47, 51, 74, 79, 80, 81, 85, 133, 179, 202, 211, 223, 224, 225, 237, 238, 239, 248, 250, 265, 266, 277, 278, 289, 290, 291, 292, 294, 295, 297, 298, 307, 308, 317, 318, 320, 321, 330, 332, 333, 335, 338, 341, 349, 350, 351, 352, 354], "excluded_lines": [], "functions": {"RequestStats.avg_duration_ms": {"executed_lines": [], "summary": {"covered_lines": 0, "num_statements": 3, "percent_covered": 0.0, "percent_covered_display": "0", "missing_lines": 3, "excluded_lines": 0}, "missing_lines": [33, 34, 35], "excluded_lines": []}, "RequestStats.success_rate": {"executed_lines": [], "summary": {"covered_lines": 0, "num_statements": 3, "percent_covered": 0.0, "percent_covered_display": "0", "missing_lines": 3, "excluded_lines": 0}, "missing_lines": [40, 41, 42], "excluded_lines": []}, "RequestStats.error_rate": {"executed_lines": [], "summary": {"covered_lines": 0, "num_statements": 1, "percent_covered": 0.0, "percent_covered_display": "0", "missing_lines": 1, "excluded_lines": 0}, "missing_lines": [47], "excluded_lines": []}, "RequestStats.to_dict": {"executed_lines": [], "summary": {"covered_lines": 0, "num_statements": 1, "percent_covered": 0.0, "percent_covered_display": "0", "missing_lines": 1, "excluded_lines": 0}, "missing_lines": [51], "excluded_lines": []}, "CacheStats.total_requests": {"executed_lines": [], "summary": {"covered_lines": 0, "num_statements": 1, "percent_covered": 0.0, "percent_covered_display": "0", "missing_lines": 1, "excluded_lines": 0}, "missing_lines": [74], "excluded_lines": []}, "CacheStats.hit_rate": {"executed_lines": [], "summary": {"covered_lines": 0, "num_statements": 3, "percent_covered": 0.0, "percent_covered_display": "0", "missing_lines": 3, "excluded_lines": 0}, "missing_lines": [79, 80, 81], "excluded_lines": []}, "CacheStats.to_dict": {"executed_lines": [], "summary": {"covered_lines": 0, "num_statements": 1, "percent_covered": 0.0, "percent_covered_display": "0", "missing_lines": 1, "excluded_lines": 0}, "missing_lines": [85], "excluded_lines": []}, "StatsCollector.__new__": {"executed_lines": [125, 126, 127, 128], "summary": {"covered_lines": 4, "num_statements": 4, "percent_covered": 100.0, "percent_covered_display": "100", "missing_lines": 0, "excluded_lines": 0}, "missing_lines": [], "excluded_lines": []}, "StatsCollector.__init__": {"executed_lines": [132, 135, 136, 137, 138, 139, 142, 144], "summary": {"covered_lines": 8, "num_statements": 9, "percent_covered": 88.88888888888889, "percent_covered_display": "89", "missing_lines": 1, "excluded_lines": 0}, "missing_lines": [133], "excluded_lines": []}, "StatsCollector.record_request": {"executed_lines": [164, 165, 166, 169, 170, 171, 172, 174, 175, 177, 178, 182], "summary": {"covered_lines": 12, "num_statements": 13, "percent_covered": 92.3076923076923, "percent_covered_display": "92", "missing_lines": 1, "excluded_lines": 0}, "missing_lines": [179], "excluded_lines": []}, "StatsCollector.record_cache_hit": {"executed_lines": [], "summary": {"covered_lines": 0, "num_statements": 1, "percent_covered": 0.0, "percent_covered_display": "0", "missing_lines": 1, "excluded_lines": 0}, "missing_lines": [202], "excluded_lines": []}, "StatsCollector.record_cache_miss": {"executed_lines": [], "summary": {"covered_lines": 0, "num_statements": 1, "percent_covered": 0.0, "percent_covered_display": "0", "missing_lines": 1, "excluded_lines": 0}, "missing_lines": [211], "excluded_lines": []}, "StatsCollector.get_source_stats": {"executed_lines": [], "summary": {"covered_lines": 0, "num_statements": 3, "percent_covered": 0.0, "percent_covered_display": "0", "missing_lines": 3, "excluded_lines": 0}, "missing_lines": [223, 224, 225], "excluded_lines": []}, "StatsCollector.get_cache_stats": {"executed_lines": [], "summary": {"covered_lines": 0, "num_statements": 3, "percent_covered": 0.0, "percent_covered_display": "0", "missing_lines": 3, "excluded_lines": 0}, "missing_lines": [237, 238, 239], "excluded_lines": []}, "StatsCollector.get_all_stats": {"executed_lines": [], "summary": {"covered_lines": 0, "num_statements": 2, "percent_covered": 0.0, "percent_covered_display": "0", "missing_lines": 2, "excluded_lines": 0}, "missing_lines": [248, 250], "excluded_lines": []}, "StatsCollector.get_summary_text": {"executed_lines": [], "summary": {"covered_lines": 0, "num_statements": 14, "percent_covered": 0.0, "percent_covered_display": "0", "missing_lines": 14, "excluded_lines": 0}, "missing_lines": [265, 266, 277, 278, 289, 290, 291, 292, 294, 295, 297, 298, 307, 308], "excluded_lines": []}, "StatsCollector.print_daily_summary": {"executed_lines": [], "summary": {"covered_lines": 0, "num_statements": 10, "percent_covered": 0.0, "percent_covered_display": "0", "missing_lines": 10, "excluded_lines": 0}, "missing_lines": [317, 318, 320, 321, 330, 332, 333, 335, 338, 341], "excluded_lines": []}, "StatsCollector.reset": {"executed_lines": [], "summary": {"covered_lines": 0, "num_statements": 5, "percent_covered": 0.0, "percent_covered_display": "0", "missing_lines": 5, "excluded_lines": 0}, "missing_lines": [349, 350, 351, 352, 354], "excluded_lines": []}, "get_stats_collector": {"executed_lines": [369, 370, 371], "summary": {"covered_lines": 3, "num_statements": 3, "percent_covered": 100.0, "percent_covered_display": "100", "missing_lines": 0, "excluded_lines": 0}, "missing_lines": [], "excluded_lines": []}, "": {"executed_lines": [1, 8, 9, 10, 11, 14, 15, 16, 22, 23, 24, 25, 26, 27, 28, 30, 31, 37, 38, 44, 45, 49, 64, 65, 66, 68, 69, 71, 72, 76, 77, 83, 93, 94, 121, 123, 130, 146, 195, 204, 213, 227, 241, 258, 310, 343, 358, 361], "summary": {"covered_lines": 44, "num_statements": 44, "percent_covered": 100.0, "percent_covered_display": "100", "missing_lines": 0, "excluded_lines": 0}, "missing_lines": [], "excluded_lines": []}}, "classes": {"RequestStats": {"executed_lines": [], "summary": {"covered_lines": 0, "num_statements": 8, "percent_covered": 0.0, "percent_covered_display": "0", "missing_lines": 8, "excluded_lines": 0}, "missing_lines": [33, 34, 35, 40, 41, 42, 47, 51], "excluded_lines": []}, "CacheStats": {"executed_lines": [], "summary": {"covered_lines": 0, "num_statements": 5, "percent_covered": 0.0, "percent_covered_display": "0", "missing_lines": 5, "excluded_lines": 0}, "missing_lines": [74, 79, 80, 81, 85], "excluded_lines": []}, "StatsCollector": {"executed_lines": [125, 126, 127, 128, 132, 135, 136, 137, 138, 139, 142, 144, 164, 165, 166, 169, 170, 171, 172, 174, 175, 177, 178, 182], "summary": {"covered_lines": 24, "num_statements": 65, "percent_covered": 36.92307692307692, "percent_covered_display": "37", "missing_lines": 41, "excluded_lines": 0}, "missing_lines": [133, 179, 202, 211, 223, 224, 225, 237, 238, 239, 248, 250, 265, 266, 277, 278, 289, 290, 291, 292, 294, 295, 297, 298, 307, 308, 317, 318, 320, 321, 330, 332, 333, 335, 338, 341, 349, 350, 351, 352, 354], "excluded_lines": []}, "": {"executed_lines": [1, 8, 9, 10, 11, 14, 15, 16, 22, 23, 24, 25, 26, 27, 28, 30, 31, 37, 38, 44, 45, 49, 64, 65, 66, 68, 69, 71, 72, 76, 77, 83, 93, 94, 121, 123, 130, 146, 195, 204, 213, 227, 241, 258, 310, 343, 358, 361, 369, 370, 371], "summary": {"covered_lines": 47, "num_statements": 47, "percent_covered": 100.0, "percent_covered_display": "100", "missing_lines": 0, "excluded_lines": 0}, "missing_lines": [], "excluded_lines": []}}}, "src/akshare_one/modules/analyst/__init__.py": {"executed_lines": [1, 5, 7, 8, 9, 10, 13, 14, 25, 26, 41], "summary": {"covered_lines": 10, "num_statements": 12, "percent_covered": 83.33333333333333, "percent_covered_display": "83", "missing_lines": 2, "excluded_lines": 0}, "missing_lines": [22, 38], "excluded_lines": [], "functions": {"get_analyst_rank": {"executed_lines": [], "summary": {"covered_lines": 0, "num_statements": 1, "percent_covered": 0.0, "percent_covered_display": "0", "missing_lines": 1, "excluded_lines": 0}, "missing_lines": [22], "excluded_lines": []}, "get_research_report": {"executed_lines": [], "summary": {"covered_lines": 0, "num_statements": 1, "percent_covered": 0.0, "percent_covered_display": "0", "missing_lines": 1, "excluded_lines": 0}, "missing_lines": [38], "excluded_lines": []}, "": {"executed_lines": [1, 5, 7, 8, 9, 10, 13, 14, 25, 26, 41], "summary": {"covered_lines": 10, "num_statements": 10, "percent_covered": 100.0, "percent_covered_display": "100", "missing_lines": 0, "excluded_lines": 0}, "missing_lines": [], "excluded_lines": []}}, "classes": {"": {"executed_lines": [1, 5, 7, 8, 9, 10, 13, 14, 25, 26, 41], "summary": {"covered_lines": 10, "num_statements": 12, "percent_covered": 83.33333333333333, "percent_covered_display": "83", "missing_lines": 2, "excluded_lines": 0}, "missing_lines": [22, 38], "excluded_lines": []}}}, "src/akshare_one/modules/analyst/base.py": {"executed_lines": [1, 5, 7, 8, 11, 12, 14, 17, 20, 23, 27, 32, 33, 35], "summary": {"covered_lines": 11, "num_statements": 16, "percent_covered": 68.75, "percent_covered_display": "69", "missing_lines": 5, "excluded_lines": 0}, "missing_lines": [15, 18, 21, 25, 29], "excluded_lines": [], "functions": {"AnalystProvider.get_data_type": {"executed_lines": [], "summary": {"covered_lines": 0, "num_statements": 1, "percent_covered": 0.0, "percent_covered_display": "0", "missing_lines": 1, "excluded_lines": 0}, "missing_lines": [15], "excluded_lines": []}, "AnalystProvider.get_update_frequency": {"executed_lines": [], "summary": {"covered_lines": 0, "num_statements": 1, "percent_covered": 0.0, "percent_covered_display": "0", "missing_lines": 1, "excluded_lines": 0}, "missing_lines": [18], "excluded_lines": []}, "AnalystProvider.get_delay_minutes": {"executed_lines": [], "summary": {"covered_lines": 0, "num_statements": 1, "percent_covered": 0.0, "percent_covered_display": "0", "missing_lines": 1, "excluded_lines": 0}, "missing_lines": [21], "excluded_lines": []}, "AnalystProvider.get_analyst_rank": {"executed_lines": [], "summary": {"covered_lines": 0, "num_statements": 1, "percent_covered": 0.0, "percent_covered_display": "0", "missing_lines": 1, "excluded_lines": 0}, "missing_lines": [25], "excluded_lines": []}, "AnalystProvider.get_research_report": {"executed_lines": [], "summary": {"covered_lines": 0, "num_statements": 1, "percent_covered": 0.0, "percent_covered_display": "0", "missing_lines": 1, "excluded_lines": 0}, "missing_lines": [29], "excluded_lines": []}, "": {"executed_lines": [1, 5, 7, 8, 11, 12, 14, 17, 20, 23, 27, 32, 33, 35], "summary": {"covered_lines": 11, "num_statements": 11, "percent_covered": 100.0, "percent_covered_display": "100", "missing_lines": 0, "excluded_lines": 0}, "missing_lines": [], "excluded_lines": []}}, "classes": {"AnalystProvider": {"executed_lines": [], "summary": {"covered_lines": 0, "num_statements": 5, "percent_covered": 0.0, "percent_covered_display": "0", "missing_lines": 5, "excluded_lines": 0}, "missing_lines": [15, 18, 21, 25, 29], "excluded_lines": []}, "AnalystFactory": {"executed_lines": [], "summary": {"covered_lines": 0, "num_statements": 0, "percent_covered": 100.0, "percent_covered_display": "100", "missing_lines": 0, "excluded_lines": 0}, "missing_lines": [], "excluded_lines": []}, "": {"executed_lines": [1, 5, 7, 8, 11, 12, 14, 17, 20, 23, 27, 32, 33, 35], "summary": {"covered_lines": 11, "num_statements": 11, "percent_covered": 100.0, "percent_covered_display": "100", "missing_lines": 0, "excluded_lines": 0}, "missing_lines": [], "excluded_lines": []}}}, "src/akshare_one/modules/analyst/eastmoney.py": {"executed_lines": [1, 5, 7, 10, 11, 12, 22, 25, 28], "summary": {"covered_lines": 8, "num_statements": 10, "percent_covered": 80.0, "percent_covered_display": "80", "missing_lines": 2, "excluded_lines": 0}, "missing_lines": [23, 26], "excluded_lines": [], "functions": {"EastmoneyAnalystProvider.get_source_name": {"executed_lines": [], "summary": {"covered_lines": 0, "num_statements": 1, "percent_covered": 0.0, "percent_covered_display": "0", "missing_lines": 1, "excluded_lines": 0}, "missing_lines": [23], "excluded_lines": []}, "EastmoneyAnalystProvider.fetch_data": {"executed_lines": [], "summary": {"covered_lines": 0, "num_statements": 1, "percent_covered": 0.0, "percent_covered_display": "0", "missing_lines": 1, "excluded_lines": 0}, "missing_lines": [26], "excluded_lines": []}, "": {"executed_lines": [1, 5, 7, 10, 11, 12, 22, 25, 28], "summary": {"covered_lines": 8, "num_statements": 8, "percent_covered": 100.0, "percent_covered_display": "100", "missing_lines": 0, "excluded_lines": 0}, "missing_lines": [], "excluded_lines": []}}, "classes": {"EastmoneyAnalystProvider": {"executed_lines": [], "summary": {"covered_lines": 0, "num_statements": 2, "percent_covered": 0.0, "percent_covered_display": "0", "missing_lines": 2, "excluded_lines": 0}, "missing_lines": [23, 26], "excluded_lines": []}, "": {"executed_lines": [1, 5, 7, 10, 11, 12, 22, 25, 28], "summary": {"covered_lines": 8, "num_statements": 8, "percent_covered": 100.0, "percent_covered_display": "100", "missing_lines": 0, "excluded_lines": 0}, "missing_lines": [], "excluded_lines": []}}}, "src/akshare_one/modules/base.py": {"executed_lines": [1, 8, 9, 10, 11, 12, 13, 14, 16, 17, 20, 21, 22, 25, 26, 27, 28, 29, 30, 31, 33, 34, 35, 36, 37, 40, 41, 51, 55, 57, 60, 63, 74, 83, 132, 143, 154, 155, 169, 173, 177, 186, 197, 198, 209, 210, 213, 221, 222, 225, 226, 233, 238, 239, 250, 251, 253, 254, 255, 256, 260, 261, 272, 273, 275, 276, 278, 279, 281, 282, 293, 294, 298, 299, 315, 316, 318, 321, 323, 325, 328, 330, 331, 336, 339, 340, 341, 342, 344, 346, 347, 357, 358, 359, 360, 361, 363, 364, 376, 380, 381, 391, 393, 394, 404, 405, 407, 408, 410, 412, 414, 418, 419, 430, 431, 432, 433, 434, 435, 436, 440, 453, 458, 504, 518, 533, 546, 561, 570, 665, 704, 738, 751, 765, 805, 838, 893, 937, 952, 988, 1032, 1106], "summary": {"covered_lines": 139, "num_statements": 377, "percent_covered": 36.87002652519894, "percent_covered_display": "37", "missing_lines": 238, "excluded_lines": 4}, "missing_lines": [66, 67, 68, 69, 79, 80, 81, 90, 93, 94, 95, 96, 99, 101, 102, 103, 107, 109, 114, 115, 120, 121, 125, 141, 152, 162, 184, 193, 223, 333, 415, 416, 451, 455, 456, 473, 476, 479, 480, 482, 484, 485, 488, 489, 491, 492, 494, 495, 496, 498, 499, 500, 502, 516, 529, 530, 531, 544, 557, 585, 586, 587, 589, 594, 595, 597, 600, 601, 603, 604, 605, 606, 608, 617, 618, 626, 628, 629, 632, 633, 635, 636, 637, 638, 640, 649, 663, 678, 679, 682, 683, 686, 687, 690, 691, 694, 695, 696, 697, 698, 700, 702, 723, 724, 727, 730, 733, 736, 749, 763, 777, 779, 781, 783, 784, 786, 788, 789, 790, 792, 793, 794, 795, 797, 798, 800, 801, 803, 817, 819, 821, 823, 824, 826, 828, 829, 831, 832, 833, 834, 836, 840, 891, 895, 897, 898, 899, 900, 902, 903, 905, 906, 908, 909, 911, 912, 914, 915, 917, 918, 920, 921, 923, 924, 926, 927, 929, 930, 932, 933, 935, 939, 941, 942, 944, 945, 947, 948, 950, 971, 972, 974, 975, 977, 978, 980, 981, 983, 984, 986, 1014, 1016, 1017, 1018, 1020, 1022, 1024, 1026, 1028, 1030, 1069, 1070, 1072, 1075, 1077, 1078, 1079, 1080, 1081, 1084, 1085, 1086, 1089, 1090, 1091, 1092, 1095, 1096, 1099, 1100, 1101, 1102, 1104, 1133, 1135, 1137, 1139, 1140, 1141, 1142, 1144, 1146, 1147, 1149, 1150, 1152, 1154, 1156], "excluded_lines": [91, 171, 175, 568], "functions": {"BaseProvider.__init__": {"executed_lines": [55, 57, 60, 63], "summary": {"covered_lines": 4, "num_statements": 8, "percent_covered": 50.0, "percent_covered_display": "50", "missing_lines": 4, "excluded_lines": 0}, "missing_lines": [66, 67, 68, 69], "excluded_lines": []}, "BaseProvider.__getattr__": {"executed_lines": [], "summary": {"covered_lines": 0, "num_statements": 3, "percent_covered": 0.0, "percent_covered_display": "0", "missing_lines": 3, "excluded_lines": 0}, "missing_lines": [79, 80, 81], "excluded_lines": []}, "BaseProvider._execute_api_mapped": {"executed_lines": [], "summary": {"covered_lines": 0, "num_statements": 16, "percent_covered": 0.0, "percent_covered_display": "0", "missing_lines": 16, "excluded_lines": 1}, "missing_lines": [90, 93, 94, 95, 96, 99, 101, 102, 103, 107, 109, 114, 115, 120, 121, 125], "excluded_lines": [91]}, "BaseProvider._get_mapping_config_path": {"executed_lines": [], "summary": {"covered_lines": 0, "num_statements": 1, "percent_covered": 0.0, "percent_covered_display": "0", "missing_lines": 1, "excluded_lines": 0}, "missing_lines": [141], "excluded_lines": []}, "BaseProvider._get_alias_config": {"executed_lines": [], "summary": {"covered_lines": 0, "num_statements": 1, "percent_covered": 0.0, "percent_covered_display": "0", "missing_lines": 1, "excluded_lines": 0}, "missing_lines": [152], "excluded_lines": []}, "BaseProvider.metadata": {"executed_lines": [], "summary": {"covered_lines": 0, "num_statements": 1, "percent_covered": 0.0, "percent_covered_display": "0", "missing_lines": 1, "excluded_lines": 0}, "missing_lines": [162], "excluded_lines": []}, "BaseProvider.get_source_name": {"executed_lines": [], "summary": {"covered_lines": 0, "num_statements": 0, "percent_covered": 100.0, "percent_covered_display": "100", "missing_lines": 0, "excluded_lines": 1}, "missing_lines": [], "excluded_lines": [171]}, "BaseProvider.get_data_type": {"executed_lines": [], "summary": {"covered_lines": 0, "num_statements": 0, "percent_covered": 100.0, "percent_covered_display": "100", "missing_lines": 0, "excluded_lines": 1}, "missing_lines": [], "excluded_lines": [175]}, "BaseProvider.get_update_frequency": {"executed_lines": [], "summary": {"covered_lines": 0, "num_statements": 1, "percent_covered": 0.0, "percent_covered_display": "0", "missing_lines": 1, "excluded_lines": 0}, "missing_lines": [184], "excluded_lines": []}, "BaseProvider.get_delay_minutes": {"executed_lines": [], "summary": {"covered_lines": 0, "num_statements": 1, "percent_covered": 0.0, "percent_covered_display": "0", "missing_lines": 1, "excluded_lines": 0}, "missing_lines": [193], "excluded_lines": []}, "BaseProvider.validate_symbol": {"executed_lines": [209, 210, 213, 221, 222, 225, 226, 233], "summary": {"covered_lines": 8, "num_statements": 9, "percent_covered": 88.88888888888889, "percent_covered_display": "89", "missing_lines": 1, "excluded_lines": 0}, "missing_lines": [223], "excluded_lines": []}, "BaseProvider.validate_date": {"executed_lines": [250, 251, 253, 254, 255, 256], "summary": {"covered_lines": 6, "num_statements": 6, "percent_covered": 100.0, "percent_covered_display": "100", "missing_lines": 0, "excluded_lines": 0}, "missing_lines": [], "excluded_lines": []}, "BaseProvider.validate_date_range": {"executed_lines": [272, 273, 275, 276, 278, 279], "summary": {"covered_lines": 6, "num_statements": 6, "percent_covered": 100.0, "percent_covered_display": "100", "missing_lines": 0, "excluded_lines": 0}, "missing_lines": [], "excluded_lines": []}, "BaseProvider.validate_symbol_optional": {"executed_lines": [293, 294], "summary": {"covered_lines": 2, "num_statements": 2, "percent_covered": 100.0, "percent_covered_display": "100", "missing_lines": 0, "excluded_lines": 0}, "missing_lines": [], "excluded_lines": []}, "BaseProvider.ensure_json_compatible": {"executed_lines": [315, 316, 318, 321, 323, 325, 328, 330, 331, 336, 339, 340, 341, 342, 344], "summary": {"covered_lines": 15, "num_statements": 16, "percent_covered": 93.75, "percent_covered_display": "94", "missing_lines": 1, "excluded_lines": 0}, "missing_lines": [333], "excluded_lines": []}, "BaseProvider.replace_nan_with_none": {"executed_lines": [357, 358, 359, 360, 361], "summary": {"covered_lines": 5, "num_statements": 5, "percent_covered": 100.0, "percent_covered_display": "100", "missing_lines": 0, "excluded_lines": 0}, "missing_lines": [], "excluded_lines": []}, "BaseProvider.create_empty_dataframe": {"executed_lines": [376], "summary": {"covered_lines": 1, "num_statements": 1, "percent_covered": 100.0, "percent_covered_display": "100", "missing_lines": 0, "excluded_lines": 0}, "missing_lines": [], "excluded_lines": []}, "BaseProvider.standardize_symbol": {"executed_lines": [391], "summary": {"covered_lines": 1, "num_statements": 1, "percent_covered": 100.0, "percent_covered_display": "100", "missing_lines": 0, "excluded_lines": 0}, "missing_lines": [], "excluded_lines": []}, "BaseProvider.standardize_date": {"executed_lines": [404, 405, 407, 408, 410, 412, 414], "summary": {"covered_lines": 7, "num_statements": 9, "percent_covered": 77.77777777777777, "percent_covered_display": "78", "missing_lines": 2, "excluded_lines": 0}, "missing_lines": [415, 416], "excluded_lines": []}, "BaseProvider.standardize_numeric": {"executed_lines": [430, 431, 432, 433, 434, 435, 436], "summary": {"covered_lines": 7, "num_statements": 7, "percent_covered": 100.0, "percent_covered_display": "100", "missing_lines": 0, "excluded_lines": 0}, "missing_lines": [], "excluded_lines": []}, "BaseProvider.standardize_field_names": {"executed_lines": [], "summary": {"covered_lines": 0, "num_statements": 1, "percent_covered": 0.0, "percent_covered_display": "0", "missing_lines": 1, "excluded_lines": 0}, "missing_lines": [451], "excluded_lines": []}, "BaseProvider.get_module_name": {"executed_lines": [], "summary": {"covered_lines": 0, "num_statements": 2, "percent_covered": 0.0, "percent_covered_display": "0", "missing_lines": 2, "excluded_lines": 0}, "missing_lines": [455, 456], "excluded_lines": []}, "BaseProvider.map_source_fields": {"executed_lines": [], "summary": {"covered_lines": 0, "num_statements": 18, "percent_covered": 0.0, "percent_covered_display": "0", "missing_lines": 18, "excluded_lines": 0}, "missing_lines": [473, 476, 479, 480, 482, 484, 485, 488, 489, 491, 492, 494, 495, 496, 498, 499, 500, 502], "excluded_lines": []}, "BaseProvider.convert_amount_units": {"executed_lines": [], "summary": {"covered_lines": 0, "num_statements": 1, "percent_covered": 0.0, "percent_covered_display": "0", "missing_lines": 1, "excluded_lines": 0}, "missing_lines": [516], "excluded_lines": []}, "BaseProvider.add_field_aliases": {"executed_lines": [], "summary": {"covered_lines": 0, "num_statements": 3, "percent_covered": 0.0, "percent_covered_display": "0", "missing_lines": 3, "excluded_lines": 0}, "missing_lines": [529, 530, 531], "excluded_lines": []}, "BaseProvider.standardize_date_field": {"executed_lines": [], "summary": {"covered_lines": 0, "num_statements": 1, "percent_covered": 0.0, "percent_covered_display": "0", "missing_lines": 1, "excluded_lines": 0}, "missing_lines": [544], "excluded_lines": []}, "BaseProvider.standardize_timestamp_field": {"executed_lines": [], "summary": {"covered_lines": 0, "num_statements": 1, "percent_covered": 0.0, "percent_covered_display": "0", "missing_lines": 1, "excluded_lines": 0}, "missing_lines": [557], "excluded_lines": []}, "BaseProvider.fetch_data": {"executed_lines": [], "summary": {"covered_lines": 0, "num_statements": 0, "percent_covered": 100.0, "percent_covered_display": "100", "missing_lines": 0, "excluded_lines": 1}, "missing_lines": [], "excluded_lines": [568]}, "BaseProvider.fetch_data_with_logging": {"executed_lines": [], "summary": {"covered_lines": 0, "num_statements": 28, "percent_covered": 0.0, "percent_covered_display": "0", "missing_lines": 28, "excluded_lines": 0}, "missing_lines": [585, 586, 587, 589, 594, 595, 597, 600, 601, 603, 604, 605, 606, 608, 617, 618, 626, 628, 629, 632, 633, 635, 636, 637, 638, 640, 649, 663], "excluded_lines": []}, "BaseProvider.standardize_data": {"executed_lines": [], "summary": {"covered_lines": 0, "num_statements": 15, "percent_covered": 0.0, "percent_covered_display": "0", "missing_lines": 15, "excluded_lines": 0}, "missing_lines": [678, 679, 682, 683, 686, 687, 690, 691, 694, 695, 696, 697, 698, 700, 702], "excluded_lines": []}, "BaseProvider.standardize_and_filter": {"executed_lines": [], "summary": {"covered_lines": 0, "num_statements": 6, "percent_covered": 0.0, "percent_covered_display": "0", "missing_lines": 6, "excluded_lines": 0}, "missing_lines": [723, 724, 727, 730, 733, 736], "excluded_lines": []}, "BaseProvider.apply_field_standardization": {"executed_lines": [], "summary": {"covered_lines": 0, "num_statements": 1, "percent_covered": 0.0, "percent_covered_display": "0", "missing_lines": 1, "excluded_lines": 0}, "missing_lines": [749], "excluded_lines": []}, "BaseProvider.apply_amount_conversion": {"executed_lines": [], "summary": {"covered_lines": 0, "num_statements": 1, "percent_covered": 0.0, "percent_covered_display": "0", "missing_lines": 1, "excluded_lines": 0}, "missing_lines": [763], "excluded_lines": []}, "BaseProvider.infer_field_types": {"executed_lines": [], "summary": {"covered_lines": 0, "num_statements": 18, "percent_covered": 0.0, "percent_covered_display": "0", "missing_lines": 18, "excluded_lines": 0}, "missing_lines": [777, 779, 781, 783, 784, 786, 788, 789, 790, 792, 793, 794, 795, 797, 798, 800, 801, 803], "excluded_lines": []}, "BaseProvider.infer_amount_fields": {"executed_lines": [], "summary": {"covered_lines": 0, "num_statements": 13, "percent_covered": 0.0, "percent_covered_display": "0", "missing_lines": 13, "excluded_lines": 0}, "missing_lines": [817, 819, 821, 823, 824, 826, 828, 829, 831, 832, 833, 834, 836], "excluded_lines": []}, "BaseProvider._get_field_type_from_standard_name": {"executed_lines": [], "summary": {"covered_lines": 0, "num_statements": 2, "percent_covered": 0.0, "percent_covered_display": "0", "missing_lines": 2, "excluded_lines": 0}, "missing_lines": [840, 891], "excluded_lines": []}, "BaseProvider._infer_type_from_name": {"executed_lines": [], "summary": {"covered_lines": 0, "num_statements": 28, "percent_covered": 0.0, "percent_covered_display": "0", "missing_lines": 28, "excluded_lines": 0}, "missing_lines": [895, 897, 898, 899, 900, 902, 903, 905, 906, 908, 909, 911, 912, 914, 915, 917, 918, 920, 921, 923, 924, 926, 927, 929, 930, 932, 933, 935], "excluded_lines": []}, "BaseProvider._infer_unit_from_name": {"executed_lines": [], "summary": {"covered_lines": 0, "num_statements": 8, "percent_covered": 0.0, "percent_covered_display": "0", "missing_lines": 8, "excluded_lines": 0}, "missing_lines": [939, 941, 942, 944, 945, 947, 948, 950], "excluded_lines": []}, "BaseProvider.standardize_dataframe": {"executed_lines": [], "summary": {"covered_lines": 0, "num_statements": 11, "percent_covered": 0.0, "percent_covered_display": "0", "missing_lines": 11, "excl
[...]
: []}, "": {"executed_lines": [1, 5, 7, 8, 11, 12, 14, 17, 20, 23, 28, 29, 31], "summary": {"covered_lines": 10, "num_statements": 10, "percent_covered": 100.0, "percent_covered_display": "100", "missing_lines": 0, "excluded_lines": 0}, "missing_lines": [], "excluded_lines": []}}}, "src/akshare_one/modules/st/eastmoney.py": {"executed_lines": [1, 5, 7, 10, 11, 12, 13, 15, 18, 21], "summary": {"covered_lines": 9, "num_statements": 18, "percent_covered": 50.0, "percent_covered_display": "50", "missing_lines": 9, "excluded_lines": 0}, "missing_lines": [16, 19, 36, 38, 39, 40, 41, 42, 43], "excluded_lines": [], "functions": {"EastmoneySTProvider.__init__": {"executed_lines": [13], "summary": {"covered_lines": 1, "num_statements": 1, "percent_covered": 100.0, "percent_covered_display": "100", "missing_lines": 0, "excluded_lines": 0}, "missing_lines": [], "excluded_lines": []}, "EastmoneySTProvider.get_source_name": {"executed_lines": [], "summary": {"covered_lines": 0, "num_statements": 1, "percent_covered": 0.0, "percent_covered_display": "0", "missing_lines": 1, "excluded_lines": 0}, "missing_lines": [16], "excluded_lines": []}, "EastmoneySTProvider.fetch_data": {"executed_lines": [], "summary": {"covered_lines": 0, "num_statements": 1, "percent_covered": 0.0, "percent_covered_display": "0", "missing_lines": 1, "excluded_lines": 0}, "missing_lines": [19], "excluded_lines": []}, "EastmoneySTProvider.get_st_stocks": {"executed_lines": [], "summary": {"covered_lines": 0, "num_statements": 7, "percent_covered": 0.0, "percent_covered_display": "0", "missing_lines": 7, "excluded_lines": 0}, "missing_lines": [36, 38, 39, 40, 41, 42, 43], "excluded_lines": []}, "": {"executed_lines": [1, 5, 7, 10, 11, 12, 15, 18, 21], "summary": {"covered_lines": 8, "num_statements": 8, "percent_covered": 100.0, "percent_covered_display": "100", "missing_lines": 0, "excluded_lines": 0}, "missing_lines": [], "excluded_lines": []}}, "classes": {"EastmoneySTProvider": {"executed_lines": [13], "summary": {"covered_lines": 1, "num_statements": 10, "percent_covered": 10.0, "percent_covered_display": "10", "missing_lines": 9, "excluded_lines": 0}, "missing_lines": [16, 19, 36, 38, 39, 40, 41, 42, 43], "excluded_lines": []}, "": {"executed_lines": [1, 5, 7, 10, 11, 12, 15, 18, 21], "summary": {"covered_lines": 8, "num_statements": 8, "percent_covered": 100.0, "percent_covered_display": "100", "missing_lines": 0, "excluded_lines": 0}, "missing_lines": [], "excluded_lines": []}}}, "src/akshare_one/modules/suspended/__init__.py": {"executed_lines": [1, 5, 7, 8, 9, 10, 13, 14, 25], "summary": {"covered_lines": 8, "num_statements": 9, "percent_covered": 88.88888888888889, "percent_covered_display": "89", "missing_lines": 1, "excluded_lines": 0}, "missing_lines": [22], "excluded_lines": [], "functions": {"get_suspended_stocks": {"executed_lines": [], "summary": {"covered_lines": 0, "num_statements": 1, "percent_covered": 0.0, "percent_covered_display": "0", "missing_lines": 1, "excluded_lines": 0}, "missing_lines": [22], "excluded_lines": []}, "": {"executed_lines": [1, 5, 7, 8, 9, 10, 13, 14, 25], "summary": {"covered_lines": 8, "num_statements": 8, "percent_covered": 100.0, "percent_covered_display": "100", "missing_lines": 0, "excluded_lines": 0}, "missing_lines": [], "excluded_lines": []}}, "classes": {"": {"executed_lines": [1, 5, 7, 8, 9, 10, 13, 14, 25], "summary": {"covered_lines": 8, "num_statements": 9, "percent_covered": 88.88888888888889, "percent_covered_display": "89", "missing_lines": 1, "excluded_lines": 0}, "missing_lines": [22], "excluded_lines": []}}}, "src/akshare_one/modules/suspended/base.py": {"executed_lines": [1, 5, 7, 8, 11, 12, 14, 17, 20, 23, 28, 29, 31], "summary": {"covered_lines": 10, "num_statements": 14, "percent_covered": 71.42857142857143, "percent_covered_display": "71", "missing_lines": 4, "excluded_lines": 0}, "missing_lines": [15, 18, 21, 25], "excluded_lines": [], "functions": {"SuspendedProvider.get_data_type": {"executed_lines": [], "summary": {"covered_lines": 0, "num_statements": 1, "percent_covered": 0.0, "percent_covered_display": "0", "missing_lines": 1, "excluded_lines": 0}, "missing_lines": [15], "excluded_lines": []}, "SuspendedProvider.get_update_frequency": {"executed_lines": [], "summary": {"covered_lines": 0, "num_statements": 1, "percent_covered": 0.0, "percent_covered_display": "0", "missing_lines": 1, "excluded_lines": 0}, "missing_lines": [18], "excluded_lines": []}, "SuspendedProvider.get_delay_minutes": {"executed_lines": [], "summary": {"covered_lines": 0, "num_statements": 1, "percent_covered": 0.0, "percent_covered_display": "0", "missing_lines": 1, "excluded_lines": 0}, "missing_lines": [21], "excluded_lines": []}, "SuspendedProvider.get_suspended_stocks": {"executed_lines": [], "summary": {"covered_lines": 0, "num_statements": 1, "percent_covered": 0.0, "percent_covered_display": "0", "missing_lines": 1, "excluded_lines": 0}, "missing_lines": [25], "excluded_lines": []}, "": {"executed_lines": [1, 5, 7, 8, 11, 12, 14, 17, 20, 23, 28, 29, 31], "summary": {"covered_lines": 10, "num_statements": 10, "percent_covered": 100.0, "percent_covered_display": "100", "missing_lines": 0, "excluded_lines": 0}, "missing_lines": [], "excluded_lines": []}}, "classes": {"SuspendedProvider": {"executed_lines": [], "summary": {"covered_lines": 0, "num_statements": 4, "percent_covered": 0.0, "percent_covered_display": "0", "missing_lines": 4, "excluded_lines": 0}, "missing_lines": [15, 18, 21, 25], "excluded_lines": []}, "SuspendedFactory": {"executed_lines": [], "summary": {"covered_lines": 0, "num_statements": 0, "percent_covered": 100.0, "percent_covered_display": "100", "missing_lines": 0, "excluded_lines": 0}, "missing_lines": [], "excluded_lines": []}, "": {"executed_lines": [1, 5, 7, 8, 11, 12, 14, 17, 20, 23, 28, 29, 31], "summary": {"covered_lines": 10, "num_statements": 10, "percent_covered": 100.0, "percent_covered_display": "100", "missing_lines": 0, "excluded_lines": 0}, "missing_lines": [], "excluded_lines": []}}}, "src/akshare_one/modules/suspended/eastmoney.py": {"executed_lines": [1, 5, 7, 10, 11, 12, 13, 15, 18, 21], "summary": {"covered_lines": 9, "num_statements": 18, "percent_covered": 50.0, "percent_covered_display": "50", "missing_lines": 9, "excluded_lines": 0}, "missing_lines": [16, 19, 36, 38, 39, 40, 41, 42, 43], "excluded_lines": [], "functions": {"EastmoneySuspendedProvider.__init__": {"executed_lines": [13], "summary": {"covered_lines": 1, "num_statements": 1, "percent_covered": 100.0, "percent_covered_display": "100", "missing_lines": 0, "excluded_lines": 0}, "missing_lines": [], "excluded_lines": []}, "EastmoneySuspendedProvider.get_source_name": {"executed_lines": [], "summary": {"covered_lines": 0, "num_statements": 1, "percent_covered": 0.0, "percent_covered_display": "0", "missing_lines": 1, "excluded_lines": 0}, "missing_lines": [16], "excluded_lines": []}, "EastmoneySuspendedProvider.fetch_data": {"executed_lines": [], "summary": {"covered_lines": 0, "num_statements": 1, "percent_covered": 0.0, "percent_covered_display": "0", "missing_lines": 1, "excluded_lines": 0}, "missing_lines": [19], "excluded_lines": []}, "EastmoneySuspendedProvider.get_suspended_stocks": {"executed_lines": [], "summary": {"covered_lines": 0, "num_statements": 7, "percent_covered": 0.0, "percent_covered_display": "0", "missing_lines": 7, "excluded_lines": 0}, "missing_lines": [36, 38, 39, 40, 41, 42, 43], "excluded_lines": []}, "": {"executed_lines": [1, 5, 7, 10, 11, 12, 15, 18, 21], "summary": {"covered_lines": 8, "num_statements": 8, "percent_covered": 100.0, "percent_covered_display": "100", "missing_lines": 0, "excluded_lines": 0}, "missing_lines": [], "excluded_lines": []}}, "classes": {"EastmoneySuspendedProvider": {"executed_lines": [13], "summary": {"covered_lines": 1, "num_statements": 10, "percent_covered": 10.0, "percent_covered_display": "10", "missing_lines": 9, "excluded_lines": 0}, "missing_lines": [16, 19, 36, 38, 39, 40, 41, 42, 43], "excluded_lines": []}, "": {"executed_lines": [1, 5, 7, 10, 11, 12, 15, 18, 21], "summary": {"covered_lines": 8, "num_statements": 8, "percent_covered": 100.0, "percent_covered_display": "100", "missing_lines": 0, "excluded_lines": 0}, "missing_lines": [], "excluded_lines": []}}}, "src/akshare_one/modules/utils.py": {"executed_lines": [1, 4, 31, 32, 35, 36, 39, 40, 43, 44, 47, 51, 55, 59, 63, 66, 83, 87, 88, 89, 92, 93, 95, 98, 115, 116, 119, 121, 122, 123, 124, 125, 127, 129, 130, 135], "summary": {"covered_lines": 35, "num_statements": 43, "percent_covered": 81.3953488372093, "percent_covered_display": "81", "missing_lines": 8, "excluded_lines": 0}, "missing_lines": [48, 52, 56, 60, 84, 126, 128, 132], "excluded_lines": [], "functions": {"convert_xieqiu_symbol": {"executed_lines": [31, 32, 35, 36, 39, 40, 43, 44, 47, 51, 55, 59, 63], "summary": {"covered_lines": 13, "num_statements": 17, "percent_covered": 76.47058823529412, "percent_covered_display": "76", "missing_lines": 4, "excluded_lines": 0}, "missing_lines": [48, 52, 56, 60], "excluded_lines": []}, "normalize_symbol": {"executed_lines": [83, 87, 88, 89, 92, 93, 95], "summary": {"covered_lines": 7, "num_statements": 8, "percent_covered": 87.5, "percent_covered_display": "88", "missing_lines": 1, "excluded_lines": 0}, "missing_lines": [84], "excluded_lines": []}, "detect_market": {"executed_lines": [115, 116, 119, 121, 122, 123, 124, 125, 127, 129, 130], "summary": {"covered_lines": 11, "num_statements": 14, "percent_covered": 78.57142857142857, "percent_covered_display": "79", "missing_lines": 3, "excluded_lines": 0}, "missing_lines": [126, 128, 132], "excluded_lines": []}, "": {"executed_lines": [1, 4, 66, 98, 135], "summary": {"covered_lines": 4, "num_statements": 4, "percent_covered": 100.0, "percent_covered_display": "100", "missing_lines": 0, "excluded_lines": 0}, "missing_lines": [], "excluded_lines": []}}, "classes": {"": {"executed_lines": [1, 4, 31, 32, 35, 36, 39, 40, 43, 44, 47, 51, 55, 59, 63, 66, 83, 87, 88, 89, 92, 93, 95, 98, 115, 116, 119, 121, 122, 123, 124, 125, 127, 129, 130, 135], "summary": {"covered_lines": 35, "num_statements": 43, "percent_covered": 81.3953488372093, "percent_covered_display": "81", "missing_lines": 8, "excluded_lines": 0}, "missing_lines": [48, 52, 56, 60, 84, 126, 128, 132], "excluded_lines": []}}}, "src/akshare_one/modules/valuation/__init__.py": {"executed_lines": [1, 9, 11, 12, 13, 14, 17, 18, 37, 38, 49], "summary": {"covered_lines": 10, "num_statements": 12, "percent_covered": 83.33333333333333, "percent_covered_display": "83", "missing_lines": 2, "excluded_lines": 0}, "missing_lines": [34, 46], "excluded_lines": [], "functions": {"get_stock_valuation": {"executed_lines": [], "summary": {"covered_lines": 0, "num_statements": 1, "percent_covered": 0.0, "percent_covered_display": "0", "missing_lines": 1, "excluded_lines": 0}, "missing_lines": [34], "excluded_lines": []}, "get_market_valuation": {"executed_lines": [], "summary": {"covered_lines": 0, "num_statements": 1, "percent_covered": 0.0, "percent_covered_display": "0", "missing_lines": 1, "excluded_lines": 0}, "missing_lines": [46], "excluded_lines": []}, "": {"executed_lines": [1, 9, 11, 12, 13, 14, 17, 18, 37, 38, 49], "summary": {"covered_lines": 10, "num_statements": 10, "percent_covered": 100.0, "percent_covered_display": "100", "missing_lines": 0, "excluded_lines": 0}, "missing_lines": [], "excluded_lines": []}}, "classes": {"": {"executed_lines": [1, 9, 11, 12, 13, 14, 17, 18, 37, 38, 49], "summary": {"covered_lines": 10, "num_statements": 12, "percent_covered": 83.33333333333333, "percent_covered_display": "83", "missing_lines": 2, "excluded_lines": 0}, "missing_lines": [34, 46], "excluded_lines": []}}}, "src/akshare_one/modules/valuation/base.py": {"executed_lines": [1, 7, 9, 10, 13, 14, 18, 22, 26, 30, 36, 43, 44, 46], "summary": {"covered_lines": 11, "num_statements": 16, "percent_covered": 68.75, "percent_covered_display": "69", "missing_lines": 5, "excluded_lines": 0}, "missing_lines": [20, 24, 28, 34, 40], "excluded_lines": [], "functions": {"ValuationProvider.get_data_type": {"executed_lines": [], "summary": {"covered_lines": 0, "num_statements": 1, "percent_covered": 0.0, "percent_covered_display": "0", "missing_lines": 1, "excluded_lines": 0}, "missing_lines": [20], "excluded_lines": []}, "ValuationProvider.get_update_frequency": {"executed_lines": [], "summary": {"covered_lines": 0, "num_statements": 1, "percent_covered": 0.0, "percent_covered_display": "0", "missing_lines": 1, "excluded_lines": 0}, "missing_lines": [24], "excluded_lines": []}, "ValuationProvider.get_delay_minutes": {"executed_lines": [], "summary": {"covered_lines": 0, "num_statements": 1, "percent_covered": 0.0, "percent_covered_display": "0", "missing_lines": 1, "excluded_lines": 0}, "missing_lines": [28], "excluded_lines": []}, "ValuationProvider.get_stock_valuation": {"executed_lines": [], "summary": {"covered_lines": 0, "num_statements": 1, "percent_covered": 0.0, "percent_covered_display": "0", "missing_lines": 1, "excluded_lines": 0}, "missing_lines": [34], "excluded_lines": []}, "ValuationProvider.get_market_valuation": {"executed_lines": [], "summary": {"covered_lines": 0, "num_statements": 1, "percent_covered": 0.0, "percent_covered_display": "0", "missing_lines": 1, "excluded_lines": 0}, "missing_lines": [40], "excluded_lines": []}, "": {"executed_lines": [1, 7, 9, 10, 13, 14, 18, 22, 26, 30, 36, 43, 44, 46], "summary": {"covered_lines": 11, "num_statements": 11, "percent_covered": 100.0, "percent_covered_display": "100", "missing_lines": 0, "excluded_lines": 0}, "missing_lines": [], "excluded_lines": []}}, "classes": {"ValuationProvider": {"executed_lines": [], "summary": {"covered_lines": 0, "num_statements": 5, "percent_covered": 0.0, "percent_covered_display": "0", "missing_lines": 5, "excluded_lines": 0}, "missing_lines": [20, 24, 28, 34, 40], "excluded_lines": []}, "ValuationFactory": {"executed_lines": [], "summary": {"covered_lines": 0, "num_statements": 0, "percent_covered": 100.0, "percent_covered_display": "100", "missing_lines": 0, "excluded_lines": 0}, "missing_lines": [], "excluded_lines": []}, "": {"executed_lines": [1, 7, 9, 10, 13, 14, 18, 22, 26, 30, 36, 43, 44, 46], "summary": {"covered_lines": 11, "num_statements": 11, "percent_covered": 100.0, "percent_covered_display": "100", "missing_lines": 0, "excluded_lines": 0}, "missing_lines": [], "excluded_lines": []}}}, "src/akshare_one/modules/valuation/eastmoney.py": {"executed_lines": [1, 7, 9, 12, 13, 14, 22, 24, 27, 31, 35, 74], "summary": {"covered_lines": 10, "num_statements": 33, "percent_covered": 30.303030303030305, "percent_covered_display": "30", "missing_lines": 23, "excluded_lines": 0}, "missing_lines": [29, 33, 56, 58, 59, 60, 62, 63, 64, 65, 66, 67, 69, 70, 71, 72, 89, 91, 92, 93, 94, 95, 96], "excluded_lines": [], "functions": {"EastmoneyValuationProvider.__init__": {"executed_lines": [24], "summary": {"covered_lines": 1, "num_statements": 1, "percent_covered": 100.0, "percent_covered_display": "100", "missing_lines": 0, "excluded_lines": 0}, "missing_lines": [], "excluded_lines": []}, "EastmoneyValuationProvider.get_source_name": {"executed_lines": [], "summary": {"covered_lines": 0, "num_statements": 1, "percent_covered": 0.0, "percent_covered_display": "0", "missing_lines": 1, "excluded_lines": 0}, "missing_lines": [29], "excluded_lines": []}, "EastmoneyValuationProvider.fetch_data": {"executed_lines": [], "summary": {"covered_lines": 0, "num_statements": 1, "percent_covered": 0.0, "percent_covered_display": "0", "missing_lines": 1, "excluded_lines": 0}, "missing_lines": [33], "excluded_lines": []}, "EastmoneyValuationProvider.get_stock_valuation": {"executed_lines": [], "summary": {"covered_lines": 0, "num_statements": 14, "percent_covered": 0.0, "percent_covered_display": "0", "missing_lines": 14, "excluded_lines": 0}, "missing_lines": [56, 58, 59, 60, 62, 63, 64, 65, 66, 67, 69, 70, 71, 72], "excluded_lines": []}, "EastmoneyValuationProvider.get_market_valuation": {"executed_lines": [], "summary": {"covered_lines": 0, "num_statements": 7, "percent_covered": 0.0, "percent_covered_display": "0", "missing_lines": 7, "excluded_lines": 0}, "missing_lines": [89, 91, 92, 93, 94, 95, 96], "excluded_lines": []}, "": {"executed_lines": [1, 7, 9, 12, 13, 14, 22, 27, 31, 35, 74], "summary": {"covered_lines": 9, "num_statements": 9, "percent_covered": 100.0, "percent_covered_display": "100", "missing_lines": 0, "excluded_lines": 0}, "missing_lines": [], "excluded_lines": []}}, "classes": {"EastmoneyValuationProvider": {"executed_lines": [24], "summary": {"covered_lines": 1, "num_statements": 24, "percent_covered": 4.166666666666667, "percent_covered_display": "4", "missing_lines": 23, "excluded_lines": 0}, "missing_lines": [29, 33, 56, 58, 59, 60, 62, 63, 64, 65, 66, 67, 69, 70, 71, 72, 89, 91, 92, 93, 94, 95, 96], "excluded_lines": []}, "": {"executed_lines": [1, 7, 9, 12, 13, 14, 22, 27, 31, 35, 74], "summary": {"covered_lines": 9, "num_statements": 9, "percent_covered": 100.0, "percent_covered_display": "100", "missing_lines": 0, "excluded_lines": 0}, "missing_lines": [], "excluded_lines": []}}}, "src/akshare_one/modules/valuation/legu.py": {"executed_lines": [1, 7, 9, 12, 13, 14, 22, 24, 27, 31, 35, 76], "summary": {"covered_lines": 10, "num_statements": 24, "percent_covered": 41.666666666666664, "percent_covered_display": "42", "missing_lines": 14, "excluded_lines": 0}, "missing_lines": [29, 33, 59, 74, 91, 93, 94, 95, 96, 97, 98, 99, 100, 101], "excluded_lines": [], "functions": {"LeguValuationProvider.__init__": {"executed_lines": [24], "summary": {"covered_lines": 1, "num_statements": 1, "percent_covered": 100.0, "percent_covered_display": "100", "missing_lines": 0, "excluded_lines": 0}, "missing_lines": [], "excluded_lines": []}, "LeguValuationProvider.get_source_name": {"executed_lines": [], "summary": {"covered_lines": 0, "num_statements": 1, "percent_covered": 0.0, "percent_covered_display": "0", "missing_lines": 1, "excluded_lines": 0}, "missing_lines": [29], "excluded_lines": []}, "LeguValuationProvider.fetch_data": {"executed_lines": [], "summary": {"covered_lines": 0, "num_statements": 1, "percent_covered": 0.0, "percent_covered_display": "0", "missing_lines": 1, "excluded_lines": 0}, "missing_lines": [33], "excluded_lines": []}, "LeguValuationProvider.get_stock_valuation": {"executed_lines": [], "summary": {"covered_lines": 0, "num_statements": 2, "percent_covered": 0.0, "percent_covered_display": "0", "missing_lines": 2, "excluded_lines": 0}, "missing_lines": [59, 74], "excluded_lines": []}, "LeguValuationProvider.get_market_valuation": {"executed_lines": [], "summary": {"covered_lines": 0, "num_statements": 10, "percent_covered": 0.0, "percent_covered_display": "0", "missing_lines": 10, "excluded_lines": 0}, "missing_lines": [91, 93, 94, 95, 96, 97, 98, 99, 100, 101], "excluded_lines": []}, "": {"executed_lines": [1, 7, 9, 12, 13, 14, 22, 27, 31, 35, 76], "summary": {"covered_lines": 9, "num_statements": 9, "percent_covered": 100.0, "percent_covered_display": "100", "missing_lines": 0, "excluded_lines": 0}, "missing_lines": [], "excluded_lines": []}}, "classes": {"LeguValuationProvider": {"executed_lines": [24], "summary": {"covered_lines": 1, "num_statements": 15, "percent_covered": 6.666666666666667, "percent_covered_display": "7", "missing_lines": 14, "excluded_lines": 0}, "missing_lines": [29, 33, 59, 74, 91, 93, 94, 95, 96, 97, 98, 99, 100, 101], "excluded_lines": []}, "": {"executed_lines": [1, 7, 9, 12, 13, 14, 22, 27, 31, 35, 76], "summary": {"covered_lines": 9, "num_statements": 9, "percent_covered": 100.0, "percent_covered_display": "100", "missing_lines": 0, "excluded_lines": 0}, "missing_lines": [], "excluded_lines": []}}}}, "totals": {"covered_lines": 3115, "num_statements": 8053, "percent_covered": 38.6812368061592, "percent_covered_display": "39", "missing_lines": 4938, "excluded_lines": 26}}